<?xml version="1.0" encoding="UTF-8"?>
<testng-results skipped="0" failed="0" ignored="0" total="2" passed="2">
  <reporter-output>
  </reporter-output>
  <suite name="Surefire suite" duration-ms="3221" started-at="2021-11-27T14:10:44 CET" finished-at="2021-11-27T14:10:47 CET">
    <groups>
    </groups>
    <test name="Surefire test" duration-ms="3221" started-at="2021-11-27T14:10:44 CET" finished-at="2021-11-27T14:10:47 CET">
      <class name="petStoreSwaggerAPITests.TestAPI">
        <test-method status="PASS" signature="beforeSuite()[pri:0, instance:petStoreSwaggerAPITests.TestAPI@1877ab81]" name="beforeSuite" is-config="true" duration-ms="182" started-at="2021-11-27T14:10:44 CET" finished-at="2021-11-27T14:10:44 CET">
          <reporter-output>
          </reporter-output>
        </test-method> <!-- beforeSuite -->
        <test-method status="PASS" signature="beforeTest(org.testng.ITestContext)[pri:0, instance:petStoreSwaggerAPITests.TestAPI@1877ab81]" name="beforeTest" is-config="true" duration-ms="6" started-at="2021-11-27T14:10:44 CET" finished-at="2021-11-27T14:10:44 CET">
          <params>
            <param index="0">
              <value>
                <![CDATA[org.testng.TestRunner@34bde49d]]>
              </value>
            </param>
          </params>
          <reporter-output>
          </reporter-output>
        </test-method> <!-- beforeTest -->
        <test-method status="PASS" signature="initialiseLog4j()[pri:0, instance:petStoreSwaggerAPITests.TestAPI@1877ab81]" name="initialiseLog4j" is-config="true" duration-ms="14" started-at="2021-11-27T14:10:44 CET" finished-at="2021-11-27T14:10:44 CET">
          <reporter-output>
          </reporter-output>
        </test-method> <!-- initialiseLog4j -->
        <test-method status="PASS" signature="before(org.testng.ITestResult)[pri:0, instance:petStoreSwaggerAPITests.TestAPI@1877ab81]" name="before" is-config="true" duration-ms="6" started-at="2021-11-27T14:10:44 CET" finished-at="2021-11-27T14:10:44 CET">
          <params>
            <param index="0">
              <value>
                <![CDATA[[TestResult name={null} status=CREATED method=TestAPI.testGetAllAvailablePetDetails()[pri:0, instance:petStoreSwaggerAPITests.TestAPI@1877ab81] output={null}]]]>
              </value>
            </param>
          </params>
          <reporter-output>
          </reporter-output>
        </test-method> <!-- before -->
        <test-method status="PASS" signature="testGetAllAvailablePetDetails()[pri:0, instance:petStoreSwaggerAPITests.TestAPI@1877ab81]" name="testGetAllAvailablePetDetails" duration-ms="1841" started-at="2021-11-27T14:10:44 CET" finished-at="2021-11-27T14:10:46 CET">
          <reporter-output>
          </reporter-output>
        </test-method> <!-- testGetAllAvailablePetDetails -->
        <test-method status="PASS" signature="getTestResultInExtentReport(org.testng.ITestResult)[pri:0, instance:petStoreSwaggerAPITests.TestAPI@1877ab81]" name="getTestResultInExtentReport" is-config="true" duration-ms="899" started-at="2021-11-27T14:10:46 CET" finished-at="2021-11-27T14:10:47 CET">
          <params>
            <param index="0">
              <value>
                <![CDATA[[TestResult name=testGetAllAvailablePetDetails status=SUCCESS method=TestAPI.testGetAllAvailablePetDetails()[pri:0, instance:petStoreSwaggerAPITests.TestAPI@1877ab81] output={null}]]]>
              </value>
            </param>
          </params>
          <reporter-output>
          </reporter-output>
        </test-method> <!-- getTestResultInExtentReport -->
        <test-method status="PASS" signature="testFindPetByID()[pri:1, instance:petStoreSwaggerAPITests.TestAPI@1877ab81]" name="testFindPetByID" duration-ms="295" started-at="2021-11-27T14:10:47 CET" finished-at="2021-11-27T14:10:47 CET">
          <reporter-output>
          </reporter-output>
        </test-method> <!-- testFindPetByID -->
        <test-method status="PASS" signature="before(org.testng.ITestResult)[pri:0, instance:petStoreSwaggerAPITests.TestAPI@1877ab81]" name="before" is-config="true" duration-ms="0" started-at="2021-11-27T14:10:47 CET" finished-at="2021-11-27T14:10:47 CET">
          <params>
            <param index="0">
              <value>
                <![CDATA[[TestResult name={null} status=CREATED method=TestAPI.testFindPetByID()[pri:1, instance:petStoreSwaggerAPITests.TestAPI@1877ab81] output={null}]]]>
              </value>
            </param>
          </params>
          <reporter-output>
          </reporter-output>
        </test-method> <!-- before -->
        <test-method status="PASS" signature="getTestResultInExtentReport(org.testng.ITestResult)[pri:0, instance:petStoreSwaggerAPITests.TestAPI@1877ab81]" name="getTestResultInExtentReport" is-config="true" duration-ms="96" started-at="2021-11-27T14:10:47 CET" finished-at="2021-11-27T14:10:47 CET">
          <params>
            <param index="0">
              <value>
                <![CDATA[[TestResult name=testFindPetByID status=SUCCESS method=TestAPI.testFindPetByID()[pri:1, instance:petStoreSwaggerAPITests.TestAPI@1877ab81] output={null}]]]>
              </value>
            </param>
          </params>
          <reporter-output>
          </reporter-output>
        </test-method> <!-- getTestResultInExtentReport -->
      </class> <!-- petStoreSwaggerAPITests.TestAPI -->
    </test> <!-- Surefire test -->
  </suite> <!-- Surefire suite -->
</testng-results>
