<?xml version="1.0" encoding="UTF-8"?>
<testsuite xmlns:xsi="http://www.w3.org/2001/XMLSchema-instance" xsi:noNamespaceSchemaLocation="https://maven.apache.org/surefire/maven-surefire-plugin/xsd/surefire-test-report-3.0.xsd" version="3.0" name="petStoreSwaggerAPITests.TestAPI" time="4.442" tests="2" errors="0" skipped="0" failures="0">
  <properties>
[...]
</properties>
  <testcase name="testGetAllAvailablePetDetails" classname="petStoreSwaggerAPITests.TestAPI" time="2.654">
    <system-out><![CDATA[[Configuration] [WARN] Detected a static method [petStoreSwaggerAPITests.APITestsSetUp.beforeSuite()]. Static configuration methods can cause  unexpected behavior.
[Configuration] [WARN] Detected a static method [petStoreSwaggerAPITests.APITestsSetUp.before()]. Static configuration methods can cause  unexpected behavior.
0 [main] DEBUG petStoreSwaggerAPITests.TestAPI  - Setting up connection for https://petstore.swagger.io/v2/pet/findByStatus?status=available
657 [main] DEBUG petStoreSwaggerAPITests.TestAPI  - Connection for https://petstore.swagger.io/v2/pet/findByStatus?status=available setup is complete
https://petstore.swagger.io/v2/pet/findByStatus?status=available
1552 [main] DEBUG petStoreSwaggerAPITests.TestAPI  - Response: [{"id":9223372000001110642,"category":{"id":0,"name":"string"},"name":"test","photoUrls":["string"],"tags":[{"id":0,"name":"string"}],"status":"available"},{"id":9223372000001110643,"category":{"id":0,"name":"string"},"name":"fish","photoUrls":["string"],"tags":[{"id":0,"name":"string"}],"status":"available"},{"id":9223372000001110644,"category":{"id":0,"name":"string"},"name":"doggie","photoUrls":["string"],"tags":[{"id":0,"name":"string"}],"status":"available"},{"id":9223372000001110645,"category":{"id":0,"name":"string"},"name":"doggie","photoUrls":["string"],"tags":[{"id":0,"name":"string"}],"status":"available"},{"id":9223372000001110646,"category":{"id":0,"name":"string"},"name":"doggie","photoUrls":["string"],"tags":[{"id":0,"name":"string"}],"status":"available"},{"id":9223372000001110647,"category":{"id":0,"name":"string"},"name":"doggie","photoUrls":["string"],"tags":[{"id":0,"name":"string"}],"status":"available"},{"id":9223372000001110648,"category":{"id":0,"name":"string"},"name":"doggie","photoUrls":["string"],"tags":[{"id":0,"name":"string"}],"status":"available"},{"id":9223372000001110649,"category":{"id":0,"name":"string"},"name":"doggie","photoUrls":["string"],"tags":[{"id":0,"name":"string"}],"status":"available"},{"id":9223372000001110650,"category":{"id":0,"name":"string"},"name":"doggie","photoUrls":["string"],"tags":[{"id":0,"name":"string"}],"status":"available"},{"id":9223372000001110651,"category":{"id":0,"name":"string"},"name":"doggie","photoUrls":["string"],"tags":[{"id":0,"name":"string"}],"status":"available"},{"id":9223372000001110652,"category":{"id":0,"name":"string"},"name":"doggie","photoUrls":["string"],"tags":[{"id":0,"name":"string"}],"status":"available"},{"id":9223372000001110653,"category":{"id":0,"name":"string"},"name":"fish","photoUrls":["string"],"tags":[{"id":0,"name":"string"}],"status":"available"},{"id":9223372000001110662,"category":{"id":0,"name":"string"},"name":"fish","photoUrls":["string"],"tags":[{"id":0,"name":"string"}],"status":"available"},{"id":9223372012301109001,"category":{"id":0,"name":"string"},"name":"doggie","photoUrls":["string"],"tags":[{"id":0,"name":"string"}],"status":"available"},{"id":9223372012301109002,"category":{"id":0,"name":"string"},"name":"doggie","photoUrls":["string"],"tags":[{"id":0,"name":"string"}],"status":"available"},{"id":9223372012301109003,"category":{"id":0,"name":"string"},"name":"doggie","photoUrls":["string"],"tags":[{"id":0,"name":"string"}],"status":"available"},{"id":9223372012301109004,"category":{"id":0,"name":"string"},"name":"fish","photoUrls":["string"],"tags":[{"id":0,"name":"string"}],"status":"available"},{"id":9223372012301109005,"category":{"id":0,"name":"string"},"name":"doggie","photoUrls":["string"],"tags":[{"id":0,"name":"string"}],"status":"available"},{"id":9223372012301109006,"category":{"id":0,"name":"string"},"name":"doggie","photoUrls":["string"],"tags":[{"id":0,"name":"string"}],"status":"available"},{"id":9223372012301109007,"category":{"id":0,"name":"string"},"name":"doggie","photoUrls":["string"],"tags":[{"id":0,"name":"string"}],"status":"available"},{"id":9223372012301109008,"category":{"id":0,"name":"string"},"name":"doggie","photoUrls":["string"],"tags":[{"id":0,"name":"string"}],"status":"available"},{"id":9223372012301109009,"category":{"id":0,"name":"string"},"name":"doggie","photoUrls":["string"],"tags":[{"id":0,"name":"string"}],"status":"available"},{"id":9223372012301109010,"category":{"id":0,"name":"string"},"name":"fish","photoUrls":["string"],"tags":[{"id":0,"name":"string"}],"status":"available"},{"id":9223372012301109020,"category":{"id":0,"name":"string"},"name":"fish","photoUrls":["string"],"tags":[{"id":0,"name":"string"}],"status":"available"},{"id":9223372012301109021,"category":{"id":0,"name":"string"},"name":"doggie","photoUrls":["string"],"tags":[{"id":0,"name":"string"}],"status":"available"},{"id":9223372012301109022,"category":{"id":0,"name":"string"},"name":"doggie","photoUrls":["string"],"tags":[{"id":0,"name":"string"}],"status":"available"},{"id":9223372012301109023,"category":{"id":0,"name":"string"},"name":"doggie","photoUrls":["string"],"tags":[{"id":0,"name":"string"}],"status":"available"},{"id":9223372012301109024,"category":{"id":0,"name":"string"},"name":"doggie","photoUrls":["string"],"tags":[{"id":0,"name":"string"}],"status":"available"},{"id":9223372012301109025,"category":{"id":0,"name":"string"},"name":"doggie","photoUrls":["string"],"tags":[{"id":0,"name":"string"}],"status":"available"},{"id":9223372012301109026,"category":{"id":0,"name":"string"},"name":"doggie","photoUrls":["string"],"tags":[{"id":0,"name":"string"}],"status":"available"},{"id":9223372012301109027,"category":{"id":0,"name":"string"},"name":"doggie","photoUrls":["string"],"tags":[{"id":0,"name":"string"}],"status":"available"},{"id":9223372012301109028,"category":{"id":0,"name":"string"},"name":"doggie","photoUrls":["string"],"tags":[{"id":0,"name":"string"}],"status":"available"},{"id":9223372012301109029,"category":{"id":0,"name":"string"},"name":"fish","photoUrls":["string"],"tags":[{"id":0,"name":"string"}],"status":"available"},{"id":9223372012301109030,"category":{"id":0,"name":"string"},"name":"doggie","photoUrls":["string"],"tags":[{"id":0,"name":"string"}],"status":"available"},{"id":9223372012301109031,"category":{"id":0,"name":"string"},"name":"doggie","photoUrls":["string"],"tags":[{"id":0,"name":"string"}],"status":"available"},{"id":9223372012301109035,"category":{"id":0,"name":"string"},"name":"fish","photoUrls":["string"],"tags":[{"id":0,"name":"string"}],"status":"available"},{"id":9223372012301109036,"category":{"id":0,"name":"string"},"name":"doggie","photoUrls":["string"],"tags":[{"id":0,"name":"string"}],"status":"available"},{"id":9223372012301109037,"category":{"id":0,"name":"string"},"name":"doggie","photoUrls":["string"],"tags":[{"id":0,"name":"string"}],"status":"available"},{"id":9223372012301109038,"category":{"id":0,"name":"string"},"name":"doggie","photoUrls":["string"],"tags":[{"id":0,"name":"string"}],"status":"available"},{"id":9223372012301109039,"category":{"id":0,"name":"string"},"name":"doggie","photoUrls":["string"],"tags":[{"id":0,"name":"string"}],"status":"available"},{"id":9223372012301109040,"category":{"id":0,"name":"string"},"name":"doggie","photoUrls":["string"],"tags":[{"id":0,"name":"string"}],"status":"available"},{"id":9223372012301109041,"category":{"id":0,"name":"string"},"name":"doggie","photoUrls":["string"],"tags":[{"id":0,"name":"string"}],"status":"available"},{"id":9223372012301109042,"category":{"id":0,"name":"string"},"name":"doggie","photoUrls":["string"],"tags":[{"id":0,"name":"string"}],"status":"available"},{"id":9223372012301109043,"category":{"id":0,"name":"string"},"name":"doggie","photoUrls":["string"],"tags":[{"id":0,"name":"string"}],"status":"available"},{"id":9223372012301109044,"category":{"id":0,"name":"string"},"name":"doggie","photoUrls":["string"],"tags":[{"id":0,"name":"string"}],"status":"available"},{"id":9223372012301109045,"category":{"id":0,"name":"string"},"name":"doggie","photoUrls":["string"],"tags":[{"id":0,"name":"string"}],"status":"available"},{"id":9223372012301109046,"category":{"id":0,"name":"string"},"name":"fish","photoUrls":["string"],"tags":[{"id":0,"name":"string"}],"status":"available"},{"id":9223372012301109047,"category":{"id":0,"name":"string"},"name":"doggie","photoUrls":["string"],"tags":[{"id":0,"name":"string"}],"status":"available"},{"id":9223372012301109048,"category":{"id":0,"name":"string"},"name":"doggie","photoUrls":["string"],"tags":[{"id":0,"name":"string"}],"status":"available"},{"id":9223372012301109053,"category":{"id":0,"name":"string"},"name":"new doggie","photoUrls":["string"],"tags":[{"id":0,"name":"string"}],"status":"available"},{"id":9223372012301109054,"category":{"id":0,"name":"string"},"name":"fish","photoUrls":["string"],"tags":[{"id":0,"name":"string"}],"status":"available"},{"id":9223372012301109055,"category":{"id":0,"name":"MyPets"},"name":"Muddy","photoUrls":["No"],"tags":[{"id":0}],"status":"available"},{"id":9223372012301109056,"category":{"id":0,"name":"string"},"name":"new doggie","photoUrls":["string"],"tags":[{"id":0,"name":"string"}],"status":"available"},{"id":9223372012301109057,"category":{"id":0,"name":"string"},"name":"doggie","photoUrls":["string"],"tags":[{"id":0,"name":"string"}],"status":"available"},{"id":9223372012301109058,"category":{"id":0,"name":"string"},"name":"doggie","photoUrls":["string"],"tags":[{"id":0,"name":"string"}],"status":"available"},{"id":9223372012301109059,"category":{"id":0,"name":"string"},"name":"doggie","photoUrls":["string"],"tags":[{"id":0,"name":"string"}],"status":"available"},{"id":9223372012301109060,"category":{"id":0,"name":"string"},"name":"doggie","photoUrls":["string"],"tags":[{"id":0,"name":"string"}],"status":"available"},{"id":9223372012301109061,"category":{"id":0,"name":"string"},"name":"doggie","photoUrls":["string"],"tags":[{"id":0,"name":"string"}],"status":"available"},{"id":9223372012301109062,"category":{"id":0,"name":"string"},"name":"doggie","photoUrls":["string"],"tags":[{"id":0,"name":"string"}],"status":"available"},{"id":9223372012301109063,"category":{"id":0,"name":"string"},"name":"fish","photoUrls":["string"],"tags":[{"id":0,"name":"string"}],"status":"available"},{"id":9223372012301109071,"category":{"id":0,"name":"string"},"name":"fish","photoUrls":["string"],"tags":[{"id":0,"name":"string"}],"status":"available"},{"id":9223372012301109072,"category":{"id":0,"name":"string"},"name":"fish","photoUrls":["string"],"tags":[{"id":0,"name":"string"}],"status":"available"},{"id":922337201230110123,"category":{"id":0,"name":"string"},"name":"NewDoggie123","photoUrls":["string"],"tags":[{"id":0,"name":"string"}],"status":"available"},{"id":922337201230110125,"category":{"id":0,"name":"string"},"name":"NewDoggie125","photoUrls":["string"],"tags":[{"id":0,"name":"string"}],"status":"available"},{"id":9223372012301109073,"category":{"id":0,"name":"string"},"name":"new doggie","photoUrls":["string"],"tags":[{"id":0,"name":"string"}],"status":"available"},{"id":9223372012301109074,"category":{"id":0,"name":"string"},"name":"doggie","photoUrls":["string"],"tags":[{"id":0,"name":"string"}],"status":"available"},{"id":9223372012301109075,"category":{"id":0,"name":"string"},"name":"doggie","photoUrls":["string"],"tags":[{"id":0,"name":"string"}],"status":"available"},{"id":922337201230110129,"category":{"id":0,"name":"string"},"name":"NewDoggie129","photoUrls":["string"],"tags":[{"id":0,"name":"string"}],"status":"available"},{"id":9223372012301109076,"category":{"id":0,"name":"string"},"name":"doggie","photoUrls":["string"],"tags":[{"id":0,"name":"string"}],"status":"available"},{"id":9223372012301109077,"category":{"id":0,"name":"string"},"name":"doggie","photoUrls":["string"],"tags":[{"id":0,"name":"string"}],"status":"available"},{"id":9223372012301109078,"category":{"id":0,"name":"string"},"name":"doggie","photoUrls":["string"],"tags":[{"id":0,"name":"string"}],"status":"available"},{"id":922337201230110130,"category":{"id":0,"name":"string"},"name":"NewDoggie130","photoUrls":["string"],"tags":[{"id":0,"name":"string"}],"status":"available"},{"id":9223372012301109079,"category":{"id":0,"name":"string"},"name":"doggie","photoUrls":["string"],"tags":[{"id":0,"name":"string"}],"status":"available"},{"id":9223372012301109080,"category":{"id":0,"name":"string"},"name":"doggie","photoUrls":["string"],"tags":[{"id":0,"name":"string"}],"status":"available"},{"id":9223372012301109081,"category":{"id":0,"name":"string"},"name":"doggie","photoUrls":["string"],"tags":[{"id":0,"name":"string"}],"status":"available"},{"id":9223372012301109082,"category":{"id":0,"name":"string"},"name":"doggie","photoUrls":["string"],"tags":[{"id":0,"name":"string"}],"status":"available"},{"id":9223372012301109083,"category":{"id":0,"name":"string"},"name":"doggie","photoUrls":["string"],"tags":[{"id":0,"name":"string"}],"status":"available"},{"id":9223372012301109091,"category":{"id":0,"name":"string"},"name":"new doggie","photoUrls":["string"],"tags":[{"id":0,"name":"string"}],"status":"available"},{"id":9223372012301109092,"category":{"id":0,"name":"tommy"},"name":"doggie","photoUrls":["none"],"tags":[{"id":1,"name":"doggy"}],"status":"available"},{"id":112233,"category":{"id":30,"name":"Eq-dog"},"name":"Postman","photoUrls":["URLLink"],"tags":[{"id":10,"name":"Doberman"}],"status":"available"},{"id":9223372012301109093,"category":{"id":0,"name":"string"},"name":"fish","photoUrls":["string"],"tags":[{"id":0,"name":"string"}],"status":"available"},{"id":9223372012301109094,"category":{"id":0,"name":"string"},"name":"fish","photoUrls":["string"],"tags":[{"id":0,"name":"string"}],"status":"available"},{"id":9223372012301109095,"category":{"id":0,"name":"string"},"name":"doggie","photoUrls":["string"],"tags":[{"id":0,"name":"string"}],"status":"available"},{"id":9223372012301109096,"category":{"id":0,"name":"string"},"name":"doggie","photoUrls":["string"],"tags":[{"id":0,"name":"string"}],"status":"available"},{"id":9223372012301109097,"category":{"id":0,"name":"string"},"name":"doggie","photoUrls":["string"],"tags":[{"id":0,"name":"string"}],"status":"available"},{"id":9223372012301109098,"category":{"id":0,"name":"string"},"name":"doggie","photoUrls":["string"],"tags":[{"id":0,"name":"string"}],"status":"available"},{"id":9223372012301109099,"category":{"id":0,"name":"string"},"name":"doggie","photoUrls":["string"],"tags":[{"id":0,"name":"string"}],"status":"available"},{"id":9223372012301109100,"category":{"id":0,"name":"string"},"name":"doggie","photoUrls":["string"],"tags":[{"id":0,"name":"string"}],"status":"available"},{"id":9223372012301109101,"category":{"id":0,"name":"string"},"name":"new doggie","photoUrls":["string"],"tags":[{"id":0,"name":"string"}],"status":"available"},{"id":9223372012301109102,"category":{"id":0,"name":"string"},"name":"doggie","photoUrls":["string"],"tags":[{"id":0,"name":"string"}],"status":"available"},{"id":9223372012301109103,"category":{"id":0,"name":"string"},"name":"doggie","photoUrls":["string"],"tags":[{"id":0,"name":"string"}],"status":"available"},{"id":9223372012301109104,"category":{"id":0,"name":"string"},"name":"doggie","photoUrls":["string"],"tags":[{"id":0,"name":"string"}],"status":"available"},{"id":9223372012301109105,"category":{"id":0,"name":"string"},"name":"doggie","photoUrls":["string"],"tags":[{"id":0,"name":"string"}],"status":"available"},{"id":9223372012301109106,"category":{"id":0,"name":"string"},"name":"doggie","photoUrls":["string"],"tags":[{"id":0,"name":"string"}],"status":"available"},{"id":9223372012301109112,"category":{"id":0,"name":"string"},"name":"doggie","photoUrls":["string"],"tags":[{"id":0,"name":"string"}],"status":"available"},{"id":9223372012301109113,"category":{"id":0,"name":"string"},"name":"doggie","photoUrls":["string"],"tags":[{"id":0,"name":"string"}],"status":"available"},{"id":9223372012301109114,"category":{"id":0,"name":"string"},"name":"doggie","photoUrls":["string"],"tags":[{"id":0,"name":"string"}],"status":"available"},{"id":9223372012301109115,"category":{"id":0,"name":"string"},"name":"doggie","photoUrls":["string"],"tags":[{"id":0,"name":"string"}],"status":"available"},{"id":9223372012301109116,"category":{"id":0,"name":"string"},"name":"doggie","photoUrls":["string"],"tags":[{"id":0,"name":"string"}],"status":"available"},{"id":9223372012301109117,"category":{"id":0,"name":"string"},"name":"doggie","photoUrls":["string"],"tags":[{"id":0,"name":"string"}],"status":"available"},{"id":9223372012301109118,"category":{"id":0,"name":"string"},"name":"doggie","photoUrls":["string"],"tags":[{"id":0,"name":"string"}],"status":"available"},{"id":9223372012301109119,"category":{"id":0,"name":"string"},"name":"doggie","photoUrls":["string"],"tags":[{"id":0,"name":"string"}],"status":"available"},{"id":9223372012301109120,"category":{"id":0,"name":"string"},"name":"doggie","photoUrls":["string"],"tags":[{"id":0,"name":"string"}],"status":"available"},{"id":9223372012301109121,"category":{"id":0,"name":"string"},"name":"doggie","photoUrls":["string"],"tags":[{"id":0,"name":"string"}],"status":"available"},{"id":9223372012301109129,"category":{"id":0,"name":"string"},"name":"fish","photoUrls":["string"],"tags":[{"id":0,"name":"string"}],"status":"available"},{"id":9223372012301109130,"category":{"id":0,"name":"kukka"},"name":"doggie","photoUrls":[""],"tags":[{"id":0,"name":""}],"status":"available"},{"id":9223372012301109131,"category":{"id":0,"name":"string"},"name":"doggie","photoUrls":["string"],"tags":[{"id":0,"name":"string"}],"status":"available"},{"id":9223372012301109132,"category":{"id":0,"name":"string"},"name":"doggie","photoUrls":["string"],"tags":[{"id":0,"name":"string"}],"status":"available"},{"id":9223372012301109133,"category":{"id":0,"name":"string"},"name":"doggie","photoUrls":["string"],"tags":[{"id":0,"name":"string"}],"status":"available"},{"id":9223372012301109134,"category":{"id":0,"name":"string"},"name":"doggie","photoUrls":["string"],"tags":[{"id":0,"name":"string"}],"status":"available"},{"id":9223372012301109135,"category":{"id":0,"name":"string"},"name":"doggie","photoUrls":["string"],"tags":[{"id":0,"name":"string"}],"status":"available"},{"id":9223372012301109136,"category":{"id":0,"name":"string"},"name":"doggie","photoUrls":["string"],"tags":[{"id":0,"name":"string"}],"status":"available"},{"id":9223372012301109137,"category":{"id":0,"name":"string"},"name":"doggie","photoUrls":["string"],"tags":[{"id":0,"name":"string"}],"status":"available"},{"id":9223372012301109138,"category":{"id":0,"name":"string"},"name":"fish","photoUrls":["string"],"tags":[{"id":0,"name":"string"}],"status":"available"},{"id":9223372012301109141,"category":{"id":0,"name":"string"},"name":"new doggie","photoUrls":["string"],"tags":[{"id":0,"name":"string"}],"status":"available"},{"id":9223372012301109145,"category":{"id":0,"name":"string"},"name":"doggie","photoUrls":["string"],"tags":[{"id":0,"name":"string"}],"status":"available"},{"id":9223372012301109146,"category":{"id":0,"name":"string"},"name":"doggie","photoUrls":["string"],"tags":[{"id":0,"name":"string"}],"status":"available"},{"id":9223372012301109147,"category":{"id":0,"name":"string"},"name":"doggie","photoUrls":["string"],"tags":[{"id":0,"name":"string"}],"status":"available"},{"id":9223372012301109148,"category":{"id":0,"name":"string"},"name":"doggie","photoUrls":["string"],"tags":[{"id":0,"name":"string"}],"status":"available"},{"id":9223372012301109149,"category":{"id":0,"name":"string"},"name":"fish","photoUrls":["string"],"tags":[{"id":0,"name":"string"}],"status":"available"},{"id":9223372012301109150,"category":{"id":0,"name":"string"},"name":"doggie","photoUrls":["string"],"tags":[{"id":0,"name":"string"}],"status":"available"},{"id":9223372012301109151,"category":{"id":0,"name":"string"},"name":"doggie","photoUrls":["string"],"tags":[{"id":0,"name":"string"}],"status":"available"},{"id":9223372012301109152,"category":{"id":0,"name":"string"},"name":"doggie","photoUrls":["string"],"tags":[{"id":0,"name":"string"}],"status":"available"},{"id":9223372012301109153,"category":{"id":0,"name":"string"},"name":"doggie","photoUrls":["string"],"tags":[{"id":0,"name":"string"}],"status":"available"},{"id":9223372012301109154,"category":{"id":0,"name":"string"},"name":"doggie","photoUrls":["string"],"tags":[{"id":0,"name":"string"}],"status":"available"},{"id":9223372012301109158,"category":{"id":0,"name":"string"},"name":"fish","photoUrls":["string"],"tags":[{"id":0,"name":"string"}],"status":"available"},{"id":9223372012301109159,"category":{"id":0,"name":"string"},"name":"doggie","photoUrls":["string"],"tags":[{"id":0,"name":"string"}],"status":"available"},{"id":9223372012301109160,"category":{"id":0,"name":"string"},"name":"doggie","photoUrls":["string"],"tags":[{"id":0,"name":"string"}],"status":"available"},{"id":9223372012301109161,"category":{"id":0,"name":"string"},"name":"doggie","photoUrls":["string"],"tags":[{"id":0,"name":"string"}],"status":"available"},{"id":9223372012301109162,"category":{"id":0,"name":"string"},"name":"doggie","photoUrls":["string"],"tags":[{"id":0,"name":"string"}],"status":"available"},{"id":9223372012301109163,"category":{"id":0,"name":"string"},"name":"doggie","photoUrls":["string"],"tags":[{"id":0,"name":"string"}],"status":"available"},{"id":9223372012301109164,"category":{"id":0,"name":"string"},"name":"doggie","photoUrls":["string"],"tags":[{"id":0,"name":"string"}],"status":"available"},{"id":9223372012301109165,"category":{"id":0,"name":"string"},"name":"doggie","photoUrls":["string"],"tags":[{"id":0,"name":"string"}],"status":"available"},{"id":9223372012301109166,"category":{"id":0,"name":"string"},"name":"doggie","photoUrls":["string"],"tags":[{"id":0,"name":"string"}],"status":"available"},{"id":9223372012301109167,"category":{"id":0,"name":"string"},"name":"doggie","photoUrls":["string"],"tags":[{"id":0,"name":"string"}],"status":"available"},{"id":9223372012301109168,"category":{"id":0,"name":"string"},"name":"doggie","photoUrls":["string"],"tags":[{"id":0,"name":"string"}],"status":"available"},{"id":9223372012301109169,"category":{"id":0,"name":"string"},"name":"fish","photoUrls":["string"],"tags":[{"id":0,"name":"string"}],"status":"available"},{"id":9223372012301109176,"category":{"id":0,"name":"Jerry"},"name":"Mouse","photoUrls":["string"],"tags":[{"id":0,"name":"Mouse"}],"status":"available"},{"id":9223372012301109177,"category":{"id":0,"name":"string"},"name":"doggie","photoUrls":["string"],"tags":[{"id":0,"name":"string"}],"status":"available"},{"id":9223372012301109178,"category":{"id":0,"name":"string"},"name":"doggie","photoUrls":["string"],"tags":[{"id":0,"name":"string"}],"status":"available"},{"id":9223372012301109179,"category":{"id":0,"name":"string"},"name":"doggie","photoUrls":["string"],"tags":[{"id":0,"name":"string"}],"status":"available"},{"id":9223372012301109180,"category":{"id":0,"name":"string"},"name":"doggie","photoUrls":["string"],"tags":[{"id":0,"name":"string"}],"status":"available"},{"id":9223372012301109181,"category":{"id":0,"name":"string"},"name":"doggie","photoUrls":["string"],"tags":[{"id":0,"name":"string"}],"status":"available"},{"id":9223372012301109182,"category":{"id":0,"name":"string"},"name":"doggie","photoUrls":["string"],"tags":[{"id":0,"name":"string"}],"status":"available"},{"id":9223372012301109183,"category":{"id":0,"name":"string"},"name":"fish","photoUrls":["string"],"tags":[{"id":0,"name":"string"}],"status":"available"},{"id":9223372012301109185,"category":{"id":0,"name":"string"},"name":"doggie","photoUrls":["string"],"tags":[{"id":0,"name":"string"}],"status":"available"},{"id":9223372012301109186,"category":{"id":0,"name":"string"},"name":"doggie","photoUrls":["string"],"tags":[{"id":0,"name":"string"}],"status":"available"},{"id":9223372012301109187,"category":{"id":0,"name":"string"},"name":"doggie","photoUrls":["string"],"tags":[{"id":0,"name":"string"}],"status":"available"},{"id":9223372012301109195,"category":{"id":0,"name":"string"},"name":"test","photoUrls":["string"],"tags":[{"id":0,"name":"string"}],"status":"available"},{"id":9223372012301109196,"category":{"id":0,"name":"string"},"name":"test","photoUrls":["string"],"tags":[{"id":0,"name":"string"}],"status":"available"},{"id":9223372012301109197,"category":{"id":0,"name":"string"},"name":"fish","photoUrls":["string"],"tags":[{"id":0,"name":"string"}],"status":"available"},{"id":9223372012301109198,"category":{"id":0,"name":"string"},"name":"doggie","photoUrls":["string"],"tags":[{"id":0,"name":"string"}],"status":"available"},{"id":9223372012301109199,"category":{"id":0,"name":"string"},"name":"doggie","photoUrls":["string"],"tags":[{"id":0,"name":"string"}],"status":"available"},{"id":9223372012301109200,"category":{"id":0,"name":"string"},"name":"doggie","photoUrls":["string"],"tags":[{"id":0,"name":"string"}],"status":"available"},{"id":9223372012301109201,"category":{"id":0,"name":"string"},"name":"doggie","photoUrls":["string"],"tags":[{"id":0,"name":"string"}],"status":"available"},{"id":9223372012301109202,"category":{"id":0,"name":"string"},"name":"doggie","photoUrls":["string"],"tags":[{"id":0,"name":"string"}],"status":"available"},{"id":9223372012301109203,"category":{"id":0,"name":"string"},"name":"doggie","photoUrls":["string"],"tags":[{"id":0,"name":"string"}],"status":"available"},{"id":9223372012301109204,"category":{"id":0,"name":"string"},"name":"doggie","photoUrls":["string"],"tags":[{"id":0,"name":"string"}],"status":"available"},{"id":9223372012301109205,"category":{"id":0,"name":"string"},"name":"fish","photoUrls":["string"],"tags":[{"id":0,"name":"string"}],"status":"available"},{"id":9223372012301109212,"category":{"id":0,"name":"string"},"name":"doggie","photoUrls":["string"],"tags":[{"id":0,"name":"string"}],"status":"available"},{"id":9223372012301109213,"category":{"id":0,"name":"string"},"name":"doggie","photoUrls":["string"],"tags":[{"id":0,"name":"string"}],"status":"available"},{"id":9223372012301109214,"category":{"id":0,"name":"string"},"name":"doggie","photoUrls":["string"],"tags":[{"id":0,"name":"string"}],"status":"available"},{"id":9223372012301109215,"category":{"id":0,"name":"string"},"name":"doggie","photoUrls":["string"],"tags":[{"id":0,"name":"string"}],"status":"available"},{"id":9223372012301109216,"category":{"id":0,"name":"string"},"name":"fish","photoUrls":["string"],"tags":[{"id":0,"name":"string"}],"status":"available"},{"id":9223372012301109217,"category":{"id":0,"name":"string"},"name":"doggie","photoUrls":["string"],"tags":[{"id":0,"name":"string"}],"status":"available"},{"id":9223372012301109218,"category":{"id":0,"name":"string"},"name":"doggie","photoUrls":["string"],"tags":[{"id":0,"name":"string"}],"status":"available"},{"id":9223372012301109219,"category":{"id":0,"name":"string"},"name":"doggie","photoUrls":["string"],"tags":[{"id":0,"name":"string"}],"status":"available"},{"id":9223372012301109220,"category":{"id":0,"name":"string"},"name":"doggie","photoUrls":["string"],"tags":[{"id":0,"name":"string"}],"status":"available"},{"id":9223372012301109224,"category":{"id":0,"name":"string"},"name":"doggie","photoUrls":["string"],"tags":[{"id":0,"name":"string"}],"status":"available"},{"id":1245,"category":{"id":1245,"name":"xyz"},"name":"xyz","photoUrls":["test"],"tags":[],"status":"available"},{"id":9223372012301109225,"category":{"id":0,"name":"string"},"name":"doggie","photoUrls":["string"],"tags":[{"id":0,"name":"string"}],"status":"available"},{"id":9223372012301109226,"category":{"id":0,"name":"string"},"name":"doggie","photoUrls":["string"],"tags":[{"id":0,"name":"string"}],"status":"available"},{"id":9223372012301109227,"category":{"id":0,"name":"string"},"name":"doggie","photoUrls":["string"],"tags":[{"id":0,"name":"string"}],"status":"available"},{"id":9223372012301109228,"category":{"id":0,"name":"string"},"name":"doggie","photoUrls":["string"],"tags":[{"id":0,"name":"string"}],"status":"available"},{"id":9223372012301109229,"category":{"id":0,"name":"string"},"name":"doggie","photoUrls":["string"],"tags":[{"id":0,"name":"string"}],"status":"available"},{"id":9223372012301109230,"category":{"id":0,"name":"string"},"name":"doggie","photoUrls":["string"],"tags":[{"id":0,"name":"string"}],"status":"available"},{"id":9223372012301109231,"category":{"id":0,"name":"string"},"name":"fish","photoUrls":["string"],"tags":[{"id":0,"name":"string"}],"status":"available"},{"id":9223372012301109232,"category":{"id":0,"name":"string"},"name":"doggie","photoUrls":["string"],"tags":[{"id":0,"name":"string"}],"status":"available"},{"id":9223372012301109233,"category":{"id":0,"name":"string"},"name":"doggie","photoUrls":["string"],"tags":[{"id":0,"name":"string"}],"status":"available"},{"id":9223372012301109234,"category":{"id":0,"name":"string"},"name":"doggie","photoUrls":["string"],"tags":[{"id":0,"name":"string"}],"status":"available"},{"id":9223372012301109235,"category":{"id":0,"name":"string"},"name":"doggie","photoUrls":["string"],"tags":[{"id":0,"name":"string"}],"status":"available"},{"id":9223372012301109236,"category":{"id":0,"name":"string"},"name":"fish","photoUrls":["string"],"tags":[{"id":0,"name":"string"}],"status":"available"},{"id":9223372012301109237,"category":{"id":0,"name":"string"},"name":"doggie","photoUrls":["string"],"tags":[{"id":0,"name":"string"}],"status":"available"},{"id":9223372012301109245,"category":{"id":0,"name":"string"},"name":"doggie","photoUrls":["string"],"tags":[{"id":0,"name":"string"}],"status":"available"},{"id":9223372012301109246,"category":{"id":0,"name":"string"},"name":"doggie","photoUrls":["string"],"tags":[{"id":0,"name":"string"}],"status":"available"},{"id":9223372012301109247,"category":{"id":0,"name":"string"},"name":"doggie","photoUrls":["string"],"tags":[{"id":0,"name":"string"}],"status":"available"},{"id":9223372012301109248,"category":{"id":0,"name":"string"},"name":"doggie","photoUrls":["string"],"tags":[{"id":0,"name":"string"}],"status":"available"},{"id":9223372012301109249,"category":{"id":0,"name":"string"},"name":"test request with testcafe","photoUrls":["string"],"tags":[{"id":0,"name":"string"}],"status":"available"},{"id":9223372012301109250,"category":{"id":0,"name":"string"},"name":"doggie","photoUrls":["string"],"tags":[{"id":0,"name":"string"}],"status":"available"},{"id":9223372012301109251,"category":{"id":0,"name":"string"},"name":"doggie","photoUrls":["string"],"tags":[{"id":0,"name":"string"}],"status":"available"},{"id":9223372012301109252,"category":{"id":0,"name":"string"},"name":"doggie","photoUrls":["string"],"tags":[{"id":0,"name":"string"}],"status":"available"},{"id":9223372012301109253,"category":{"id":0,"name":"string"},"name":"doggie","photoUrls":["string"],"tags":[{"id":0,"name":"string"}],"status":"available"},{"id":9223372012301109254,"category":{"id":0,"name":"string"},"name":"doggie","photoUrls":["string"],"tags":[{"id":0,"name":"string"}],"status":"available"},{"id":9223372012301109255,"category":{"id":0,"name":"string"},"name":"fish","photoUrls":["string"],"tags":[{"id":0,"name":"string"}],"status":"available"},{"id":9223372012301109261,"category":{"id":0,"name":"string"},"name":"fish","photoUrls":["string"],"tags":[{"id":0,"name":"string"}],"status":"available"},{"id":991,"category":{"id":87,"name":"category991"},"name":"Llama","photoUrls":["string"],"tags":[{"id":0,"name":"string"}],"status":"available"},{"id":9223372012301109262,"category":{"id":0,"name":"string"},"name":"doggie","photoUrls":["string"],"tags":[{"id":0,"name":"string"}],"status":"available"},{"id":9223372012301109263,"category":{"id":0,"name":"string"},"name":"doggie","photoUrls":["string"],"tags":[{"id":0,"name":"string"}],"status":"available"},{"id":9223372012301109264,"category":{"id":0,"name":"string"},"name":"fish","photoUrls":["string"],"tags":[{"id":0,"name":"string"}],"status":"available"},{"id":9223372012301109265,"category":{"id":0,"name":"string"},"name":"doggie","photoUrls":["string"],"tags":[{"id":0,"name":"string"}],"status":"available"},{"id":9223372012301109266,"category":{"id":0,"name":"string"},"name":"doggie","photoUrls":["string"],"tags":[{"id":0,"name":"string"}],"status":"available"},{"id":9223372012301109267,"category":{"id":0,"name":"string"},"name":"doggie","photoUrls":["string"],"tags":[{"id":0,"name":"string"}],"status":"available"},{"id":9223372012301109268,"category":{"id":0,"name":"string"},"name":"doggie","photoUrls":["string"],"tags":[{"id":0,"name":"string"}],"status":"available"},{"id":9223372012301109269,"category":{"id":0,"name":"string"},"name":"doggie","photoUrls":["string"],"tags":[{"id":0,"name":"string"}],"status":"available"},{"id":9223372012301109273,"category":{"id":0,"name":"string"},"name":"doggie","photoUrls":["string"],"tags":[{"id":0,"name":"string"}],"status":"available"},{"id":9223372012301109275,"category":{"id":0,"name":"string"},"name":"fish","photoUrls":["string"],"tags":[{"id":0,"name":"string"}],"status":"available"},{"id":9223372012301109276,"category":{"id":0,"name":"string"},"name":"fish","photoUrls":["string"],"tags":[{"id":0,"name":"string"}],"status":"available"},{"id":9223372012301109277,"category":{"id":0,"name":"string"},"name":"doggie","photoUrls":["string"],"tags":[{"id":0,"name":"string"}],"status":"available"},{"id":9223372012301109278,"category":{"id":0,"name":"string"},"name":"doggie","photoUrls":["string"],"tags":[{"id":0,"name":"string"}],"status":"available"},{"id":9223372012301109279,"category":{"id":0,"name":"string"},"name":"doggie","photoUrls":["string"],"tags":[{"id":0,"name":"string"}],"status":"available"},{"id":9223372012301109280,"category":{"id":0,"name":"string"},"name":"doggie","photoUrls":["string"],"tags":[{"id":0,"name":"string"}],"status":"available"},{"id":9223372012301109281,"category":{"id":0,"name":"string"},"name":"doggie","photoUrls":["string"],"tags":[{"id":0,"name":"string"}],"status":"available"},{"id":9223372012301109282,"category":{"id":0,"name":"string"},"name":"doggie","photoUrls":["string"],"tags":[{"id":0,"name":"string"}],"status":"available"},{"id":9223372012301109283,"category":{"id":0,"name":"string"},"name":"doggie","photoUrls":["string"],"tags":[{"id":0,"name":"string"}],"status":"available"},{"id":9223372012301109284,"category":{"id":0,"name":"string"},"name":"fish","photoUrls":["string"],"tags":[{"id":0,"name":"string"}],"status":"available"},{"id":9223372012301109285,"category":{"id":0,"name":"string"},"name":"doggie","photoUrls":["string"],"tags":[{"id":0,"name":"string"}],"status":"available"},{"id":16,"category":{"id":45,"name":"rodent"},"name":"Rat","photoUrls":["image1"],"tags":[],"status":"available"},{"id":9223372012301109290,"category":{"id":45,"name":"rodent"},"name":"Rat","photoUrls":["image1"],"tags":[],"status":"available"},{"id":9223372012301109291,"category":{"id":0,"name":"pup1"},"name":"doggie","photoUrls":["none"],"tags":[{"id":1,"name":"pup2"}],"status":"available"},{"id":9223372012301109292,"category":{"id":0,"name":"string"},"name":"doggie","photoUrls":["string"],"tags":[{"id":0,"name":"string"}],"status":"available"},{"id":9223372012301109293,"category":{"id":0,"name":"string"},"name":"doggie","photoUrls":["string"],"tags":[{"id":0,"name":"string"}],"status":"available"},{"id":9223372012301109294,"category":{"id":0,"name":"string"},"name":"doggie","photoUrls":["string"],"tags":[{"id":0,"name":"string"}],"status":"available"},{"id":9223372012301109295,"category":{"id":0,"name":"string"},"name":"doggie","photoUrls":["string"],"tags":[{"id":0,"name":"string"}],"status":"available"},{"id":9223372012301109296,"category":{"id":0,"name":"string"},"name":"doggie","photoUrls":["string"],"tags":[{"id":0,"name":"string"}],"status":"available"},{"id":9223372012301109297,"category":{"id":0,"name":"string"},"name":"doggie","photoUrls":["string"],"tags":[{"id":0,"name":"string"}],"status":"available"},{"id":9223372012301109298,"category":{"id":0,"name":"string"},"name":"doggie","photoUrls":["string"],"tags":[{"id":0,"name":"string"}],"status":"available"},{"id":9223372012301109299,"category":{"id":0,"name":"string"},"name":"doggie","photoUrls":["string"],"tags":[{"id":0,"name":"string"}],"status":"available"},{"id":9223372012301109300,"category":{"id":0,"name":"string"},"name":"doggie","photoUrls":["string"],"tags":[{"id":0,"name":"string"}],"status":"available"},{"id":9223372012301109306,"category":{"id":0,"name":"string"},"name":"doggie","photoUrls":["string"],"tags":[{"id":0,"name":"string"}],"status":"available"},{"id":9223372012301109307,"category":{"id":0,"name":"string"},"name":"doggie","photoUrls":["string"],"tags":[{"id":0,"name":"string"}],"status":"available"},{"id":9223372012301109308,"category":{"id":0,"name":"string"},"name":"doggie","photoUrls":["string"],"tags":[{"id":0,"name":"string"}],"status":"available"},{"id":9223372012301109309,"category":{"id":0,"name":"string"},"name":"doggie","photoUrls":["string"],"tags":[{"id":0,"name":"string"}],"status":"available"},{"id":9223372012301109310,"category":{"id":0,"name":"string"},"name":"doggie","photoUrls":["string"],"tags":[{"id":0,"name":"string"}],"status":"available"},{"id":9223372012301109311,"category":{"id":0,"name":"string"},"name":"doggie","photoUrls":["string"],"tags":[{"id":0,"name":"string"}],"status":"available"},{"id":9223372012301109312,"category":{"id":0,"name":"string"},"name":"doggie","photoUrls":["string"],"tags":[{"id":0,"name":"string"}],"status":"available"},{"id":9223372012301109313,"category":{"id":0,"name":"string"},"name":"doggie1","photoUrls":["string"],"tags":[{"id":0,"name":"string"}],"status":"available"},{"id":9223372012301109314,"category":{"id":0,"name":"string"},"name":"doggie","photoUrls":["string"],"tags":[{"id":0,"name":"string"}],"status":"available"},{"id":9223372012301109315,"category":{"id":0,"name":"string"},"name":"doggie","photoUrls":["string"],"tags":[{"id":0,"name":"string"}],"status":"available"},{"id":9223372012301109316,"category":{"id":0,"name":"string"},"name":"doggie","photoUrls":["string"],"tags":[{"id":0,"name":"string"}],"status":"available"},{"id":9223372012301109317,"category":{"id":0,"name":"string"},"name":"doggie","photoUrls":["string"],"tags":[{"id":0,"name":"string"}],"status":"available"},{"id":9223372012301109323,"category":{"id":0,"name":"string"},"name":"doggie","photoUrls":["string"],"tags":[{"id":0,"name":"string"}],"status":"available"},{"id":9223372012301109324,"category":{"id":0,"name":"string"},"name":"doggie","photoUrls":["string"],"tags":[{"id":0,"name":"string"}],"status":"available"},{"id":9223372012301109325,"category":{"id":0,"name":"string"},"name":"doggie","photoUrls":["string"],"tags":[{"id":0,"name":"string"}],"status":"available"},{"id":9223372012301109326,"category":{"id":0,"name":"string"},"name":"doggie","photoUrls":["string"],"tags":[{"id":0,"name":"string"}],"status":"available"},{"id":9223372012301109327,"category":{"id":0,"name":"string"},"name":"doggie","photoUrls":["string"],"tags":[{"id":0,"name":"string"}],"status":"available"},{"id":9223372012301109328,"category":{"id":0,"name":"string"},"name":"doggie","photoUrls":["string"],"tags":[{"id":0,"name":"string"}],"status":"available"},{"id":9223372012301109329,"category":{"id":0,"name":"string"},"name":"doggie","photoUrls":["string"],"tags":[{"id":0,"name":"string"}],"status":"available"},{"id":9223372012301109330,"category":{"id":0,"name":"string"},"name":"doggie","photoUrls":["string"],"tags":[{"id":0,"name":"string"}],"status":"available"},{"id":9223372012301109331,"category":{"id":0,"name":"string"},"name":"doggie","photoUrls":["string"],"tags":[{"id":0,"name":"string"}],"status":"available"},{"id":9223372012301109332,"category":{"id":0,"name":"string"},"name":"doggie","photoUrls":["string"],"tags":[{"id":0,"name":"string"}],"status":"available"},{"id":9223372012301109333,"category":{"id":0,"name":"string"},"name":"doggie","photoUrls":["string"],"tags":[{"id":0,"name":"string"}],"status":"available"},{"id":9223372012301109334,"category":{"id":0,"name":"string"},"name":"fish","photoUrls":["string"],"tags":[{"id":0,"name":"string"}],"status":"available"},{"id":9223372012301109338,"category":{"id":0,"name":"string"},"name":"fish","photoUrls":["string"],"tags":[{"id":0,"name":"string"}],"status":"available"},{"id":9223372012301109339,"category":{"id":0,"name":"string"},"name":"fish","photoUrls":["string"],"tags":[{"id":0,"name":"string"}],"status":"available"},{"id":9223372012301109340,"category":{"id":0,"name":"string"},"name":"doggie","photoUrls":["string"],"tags":[{"id":0,"name":"string"}],"status":"available"},{"id":9223372012301109341,"category":{"id":0,"name":"string"},"name":"doggie","photoUrls":["string"],"tags":[{"id":0,"name":"string"}],"status":"available"},{"id":9223372012301109342,"category":{"id":0,"name":"string"},"name":"doggie","photoUrls":["string"],"tags":[{"id":0,"name":"string"}],"status":"available"},{"id":9223372012301109343,"category":{"id":0,"name":"string"},"name":"doggie","photoUrls":["string"],"tags":[{"id":0,"name":"string"}],"status":"available"},{"id":9223372012301109344,"category":{"id":0,"name":"string"},"name":"fish","photoUrls":["string"],"tags":[{"id":0,"name":"string"}],"status":"available"},{"id":9223372012301109345,"category":{"id":0,"name":"string"},"name":"doggie","photoUrls":["string"],"tags":[{"id":0,"name":"string"}],"status":"available"},{"id":9223372012301109346,"category":{"id":0,"name":"string"},"name":"doggie","photoUrls":["string"],"tags":[{"id":0,"name":"string"}],"status":"available"},{"id":9223372012301109347,"category":{"id":0,"name":"string"},"name":"doggie","photoUrls":["string"],"tags":[{"id":0,"name":"string"}],"status":"available"},{"id":9223372012301109348,"category":{"id":0,"name":"string"},"name":"doggie","photoUrls":["string"],"tags":[{"id":0,"name":"string"}],"status":"available"},{"id":45677645678765,"category":{"id":1,"name":"ccd"},"name":"Bruno","photoUrls":["https://www.google.com/url?sa=i&url=https%3A%2F%2Fpixabay.com%2Fimages%2Fsearch%2Fdog%2F&psig=AOvVaw1hMRLdBzudkNE30dD5A2Ix&ust=1638074447983000&source=images&cd=vfe&ved=0CAsQjRxqFwoTCLCplYLdt_QCFQAAAAAdAAAAABAD"],"tags":[{"id":2,"name":"dogs"}],"status":"available"},{"id":125354646,"category":{"id":0,"name":"string"},"name":"name125354646","photoUrls":["string"],"tags":[{"id":0,"name":"string"}],"status":"available"},{"id":9223372012301109354,"category":{"id":0,"name":"string"},"name":"doggie","photoUrls":["string"],"tags":[{"id":0,"name":"string"}],"status":"available"},{"id":9223372012301109355,"category":{"id":0,"name":"string"},"name":"doggie","photoUrls":["string"],"tags":[{"id":0,"name":"string"}],"status":"available"},{"id":9223372012301109356,"category":{"id":0,"name":"string"},"name":"doggie","photoUrls":["string"],"tags":[{"id":0,"name":"string"}],"status":"available"},{"id":9223372012301109357,"category":{"id":0,"name":"string"},"name":"doggie","photoUrls":["string"],"tags":[{"id":0,"name":"string"}],"status":"available"},{"id":9223372012301109358,"category":{"id":0,"name":"string"},"name":"fish","photoUrls":["string"],"tags":[{"id":0,"name":"string"}],"status":"available"},{"id":9223372012301109359,"category":{"id":0,"name":"string"},"name":"doggie","photoUrls":["string"],"tags":[{"id":0,"name":"string"}],"status":"available"},{"id":9223372012301109360,"category":{"id":0,"name":"string"},"name":"doggie","photoUrls":["string"],"tags":[{"id":0,"name":"string"}],"status":"available"},{"id":9223372012301109361,"category":{"id":0,"name":"string"},"name":"doggie","photoUrls":["string"],"tags":[{"id":0,"name":"string"}],"status":"available"},{"id":9223372012301109362,"category":{"id":0,"name":"string"},"name":"doggie","photoUrls":["string"],"tags":[{"id":0,"name":"string"}],"status":"available"},{"id":9223372012301109363,"category":{"id":0,"name":"string"},"name":"fish","photoUrls":["string"],"tags":[{"id":0,"name":"string"}],"status":"available"},{"id":9223372012301109364,"category":{"id":0,"name":"string"},"name":"fish","photoUrls":["string"],"tags":[{"id":0,"name":"string"}],"status":"available"},{"id":9223372012301109397,"category":{"id":0,"name":"string"},"name":"fish","photoUrls":["string"],"tags":[{"id":0,"name":"string"}],"status":"available"},{"id":9223372012301109398,"category":{"id":0,"name":"string"},"name":"Puff","photoUrls":["string"],"tags":[{"id":0,"name":"string"}],"status":"available"},{"id":9223372012301109399,"category":{"id":0,"name":"string"},"name":"fish","photoUrls":["string"],"tags":[{"id":0,"name":"string"}],"status":"available"},{"id":9223372012301109400,"category":{"id":0,"name":"string"},"name":"doggie","photoUrls":["string"],"tags":[{"id":0,"name":"string"}],"status":"available"},{"id":9223372012301109401,"category":{"id":0,"name":"string"},"name":"doggie","photoUrls":["string"],"tags":[{"id":0,"name":"string"}],"status":"available"},{"id":9223372012301109402,"category":{"id":0,"name":"string"},"name":"doggie","photoUrls":["string"],"tags":[{"id":0,"name":"string"}],"status":"available"},{"id":9223372012301109403,"category":{"id":0,"name":"string"},"name":"doggie","photoUrls":["string"],"tags":[{"id":0,"name":"string"}],"status":"available"},{"id":9223372012301109404,"category":{"id":0,"name":"string"},"name":"fish","photoUrls":["string"],"tags":[{"id":0,"name":"string"}],"status":"available"},{"id":9223372012301109405,"category":{"id":0,"name":"string"},"name":"doggie","photoUrls":["string"],"tags":[{"id":0,"name":"string"}],"status":"available"},{"id":9223372012301109406,"category":{"id":0,"name":"string"},"name":"doggie","photoUrls":["string"],"tags":[{"id":0,"name":"string"}],"status":"available"},{"id":9223372012301109407,"category":{"id":0,"name":"string"},"name":"doggie","photoUrls":["string"],"tags":[{"id":0,"name":"string"}],"status":"available"},{"id":9223372012301109408,"category":{"id":0,"name":"string"},"name":"doggie","photoUrls":["string"],"tags":[{"id":0,"name":"string"}],"status":"available"},{"id":9223372012301109409,"category":{"id":0,"name":"string"},"name":"doggie","photoUrls":["string"],"tags":[{"id":0,"name":"string"}],"status":"available"},{"id":9223372012301109410,"category":{"id":0,"name":"string"},"name":"fish","photoUrls":["string"],"tags":[{"id":0,"name":"string"}],"status":"available"},{"id":9223372012301109415,"category":{"id":0,"name":"string"},"name":"test","photoUrls":["string"],"tags":[{"id":0,"name":"string"}],"status":"available"},{"id":9223372012301109416,"category":{"id":0,"name":"string"},"name":"test","photoUrls":["string"],"tags":[{"id":0,"name":"string"}],"status":"available"},{"id":9223372012301109419,"category":{"id":0,"name":"string"},"name":"fish","photoUrls":["string"],"tags":[{"id":0,"name":"string"}],"status":"available"},{"id":9223372012301109420,"category":{"id":0,"name":"string"},"name":"doggie","photoUrls":["string"],"tags":[{"id":0,"name":"string"}],"status":"available"},{"id":9223372012301109423,"category":{"id":0,"name":"string"},"name":"doggie","photoUrls":["string"],"tags":[{"id":0,"name":"string"}],"status":"available"},{"id":9223372012301109424,"category":{"id":0,"name":"string"},"name":"doggie","photoUrls":["string"],"tags":[{"id":0,"name":"string"}],"status":"available"},{"id":9223372012301109425,"category":{"id":0,"name":"string"},"name":"doggie","photoUrls":["string"],"tags":[{"id":0,"name":"string"}],"status":"available"},{"id":9223372012301109426,"category":{"id":0,"name":"string"},"name":"doggie","photoUrls":["string"],"tags":[{"id":0,"name":"string"}],"status":"available"},{"id":9223372012301109427,"category":{"id":0,"name":"string"},"name":"doggie","photoUrls":["string"],"tags":[{"id":0,"name":"string"}],"status":"available"},{"id":9223372012301109428,"category":{"id":0,"name":"string"},"name":"doggie","photoUrls":["string"],"tags":[{"id":0,"name":"string"}],"status":"available"},{"id":9223372012301109429,"category":{"id":0,"name":"string"},"name":"doggie","photoUrls":["string"],"tags":[{"id":0,"name":"string"}],"status":"available"},{"id":9223372012301109430,"category":{"id":0,"name":"string"},"name":"doggie","photoUrls":["string"],"tags":[{"id":0,"name":"string"}],"status":"available"},{"id":9223372012301109431,"category":{"id":0,"name":"string"},"name":"fish","photoUrls":["string"],"tags":[{"id":0,"name":"string"}],"status":"available"},{"id":9223372012301109432,"category":{"id":0,"name":"string"},"name":"doggie","photoUrls":["string"],"tags":[{"id":0,"name":"string"}],"status":"available"},{"id":9223372012301109433,"category":{"id":0,"name":"string"},"name":"doggie","photoUrls":["string"],"tags":[{"id":0,"name":"string"}],"status":"available"},{"id":9223372012301109440,"category":{"id":0,"name":"string"},"name":"doggie","photoUrls":["string"],"tags":[{"id":0,"name":"string"}],"status":"available"},{"id":9223372012301109441,"category":{"id":0,"name":"string"},"name":"doggie","photoUrls":["string"],"tags":[{"id":0,"name":"string"}],"status":"available"},{"id":9223372012301109442,"category":{"id":0,"name":"string"},"name":"doggie","photoUrls":["string"],"tags":[{"id":0,"name":"string"}],"status":"available"},{"id":9223372012301109443,"category":{"id":0,"name":"string"},"name":"doggie","photoUrls":["string"],"tags":[{"id":0,"name":"string"}],"status":"available"},{"id":9223372012301109444,"category":{"id":0,"name":"string"},"name":"doggie","photoUrls":["string"],"tags":[{"id":0,"name":"string"}],"status":"available"},{"id":9223372012301109445,"category":{"id":0,"name":"string"},"name":"doggie","photoUrls":["string"],"tags":[{"id":0,"name":"string"}],"status":"available"},{"id":9223372012301109446,"category":{"id":0,"name":"string"},"name":"doggie","photoUrls":["string"],"tags":[{"id":0,"name":"string"}],"status":"available"},{"id":9223372012301109447,"category":{"id":0,"name":"string"},"name":"doggie","photoUrls":["string"],"tags":[{"id":0,"name":"string"}],"status":"available"},{"id":9223372012301109448,"category":{"id":0,"name":"string"},"name":"fish","photoUrls":["string"],"tags":[{"id":0,"name":"string"}],"status":"available"},{"id":9223372012301109449,"category":{"id":0,"name":"string"},"name":"doggie","photoUrls":["string"],"tags":[{"id":0,"name":"string"}],"status":"available"},{"id":9223372012301109450,"category":{"id":0,"name":"string"},"name":"doggie","photoUrls":["string"],"tags":[{"id":0,"name":"string"}],"status":"available"},{"id":9223372012301109451,"category":{"id":0,"name":"string"},"name":"doggie","photoUrls":["string"],"tags":[{"id":0,"name":"string"}],"status":"available"},{"id":9223372012301109452,"category":{"id":0,"name":"string"},"name":"fish","photoUrls":["string"],"tags":[{"id":0,"name":"string"}],"status":"available"},{"id":1010,"category":{"id":1,"name":"Wondering"},"name":"Doggo","photoUrls":["https://i1.sndcdn.com/artworks-000810672895-5vv94q-t500x500.jpg"],"tags":[{"id":1,"name":"new"}],"status":"available"},{"id":9223372012301109453,"category":{"id":0,"name":"string"},"name":"doggie","photoUrls":["string"],"tags":[{"id":0,"name":"string"}],"status":"available"},{"id":1014,"category":{"id":5,"name":"Eating"},"name":"Fisho","photoUrls":["https://www.happylifeanimal.com/wp-content/uploads/2020/08/57a4db38dd089551028b465b.jpg"],"tags":[{"id":1,"name":"new"}],"status":"available"},{"id":9223372012301109460,"category":{"id":0,"name":"string"},"name":"doggie","photoUrls":["string"],"tags":[{"id":0,"name":"string"}],"status":"available"},{"id":9223372012301109461,"category":{"id":0,"name":"string"},"name":"doggie","photoUrls":["string"],"tags":[{"id":0,"name":"string"}],"status":"available"},{"id":9223372012301109462,"category":{"id":0,"name":"string"},"name":"doggie","photoUrls":["string"],"tags":[{"id":0,"name":"string"}],"status":"available"},{"id":9223372012301109463,"category":{"id":0,"name":"string"},"name":"doggie","photoUrls":["string"],"tags":[{"id":0,"name":"string"}],"status":"available"},{"id":9223372012301109464,"category":{"id":0,"name":"string"},"name":"doggie","photoUrls":["string"],"tags":[{"id":0,"name":"string"}],"status":"available"},{"id":9223372012301109465,"category":{"id":0,"name":"string"},"name":"doggie","photoUrls":["string"],"tags":[{"id":0,"name":"string"}],"status":"available"},{"id":9223372012301109466,"category":{"id":0,"name":"string"},"name":"doggie","photoUrls":["string"],"tags":[{"id":0,"name":"string"}],"status":"available"},{"id":9223372012301109467,"category":{"id":0,"name":"string"},"name":"doggie","photoUrls":["string"],"tags":[{"id":0,"name":"string"}],"status":"available"},{"id":9223372012301109468,"category":{"id":0,"name":"string"},"name":"doggie","photoUrls":["string"],"tags":[{"id":0,"name":"string"}],"status":"available"},{"id":101,"category":{"id":290,"name":"string"},"name":"Demo1234","photoUrls":["string"],"tags":[{"id":900,"name":"string"}],"status":"available"},{"id":9223372012301109471,"category":{"id":0,"name":"string"},"name":"fish","photoUrls":["string"],"tags":[{"id":0,"name":"string"}],"status":"available"},{"id":9223372012301109472,"category":{"id":0,"name":"string"},"name":"doggie","photoUrls":["string"],"tags":[{"id":0,"name":"string"}],"status":"available"},{"id":1011,"category":{"id":2,"name":"Searching"},"name":"Catto","photoUrls":["https://www.prestigeanimalhospital.com/sites/default/files/interesting-cat-facts.jpg"],"tags":[{"id":1,"name":"new"}],"status":"available"},{"id":1013,"category":{"id":4,"name":"Sleeping"},"name":"Mouso","photoUrls":["https://upload.wikimedia.org/wikipedia/commons/thumb/8/8f/Mouse_white_background.jpg/220px-Mouse_white_background.jpg"],"tags":[{"id":1,"name":"new"}],"status":"available"},{"id":9223372012301109473,"category":{"id":0,"name":"string"},"name":"doggie","photoUrls":["string"],"tags":[{"id":0,"name":"string"}],"status":"available"},{"id":9223372012301109474,"category":{"id":0,"name":"string"},"name":"doggie","photoUrls":["string"],"tags":[{"id":0,"name":"string"}],"status":"available"},{"id":9223372012301109475,"category":{"id":0,"name":"string"},"name":"doggie","photoUrls":["string"],"tags":[{"id":0,"name":"string"}],"status":"available"},{"id":9223372012301109476,"category":{"id":0,"name":"string"},"name":"doggie","photoUrls":["string"],"tags":[{"id":0,"name":"string"}],"status":"available"},{"id":9223372012301109477,"category":{"id":0,"name":"string"},"name":"doggie","photoUrls":["string"],"tags":[{"id":0,"name":"string"}],"status":"available"},{"id":9223372012301109478,"category":{"id":0,"name":"string"},"name":"doggie","photoUrls":["string"],"tags":[{"id":0,"name":"string"}],"status":"available"},{"id":9223372012301109479,"category":{"id":0,"name":"string"},"name":"fish","photoUrls":["string"],"tags":[{"id":0,"name":"string"}],"status":"available"},{"id":9223372012301109481,"category":{"id":0,"name":"string"},"name":"doggie","photoUrls":["string"],"tags":[{"id":0,"name":"string"}],"status":"available"},{"id":9223372012301109482,"category":{"id":0,"name":"string"},"name":"doggie","photoUrls":["string"],"tags":[{"id":0,"name":"string"}],"status":"available"},{"id":9223372012301109483,"category":{"id":0,"name":"string"},"name":"doggie","photoUrls":["string"],"tags":[{"id":0,"name":"string"}],"status":"available"},{"id":9223372012301109488,"category":{"id":0,"name":"string"},"name":"fish","photoUrls":["string"],"tags":[{"id":0,"name":"string"}],"status":"available"},{"id":9223372012301109489,"category":{"id":0,"name":"string"},"name":"fish","photoUrls":["string"],"tags":[{"id":0,"name":"string"}],"status":"available"},{"id":9223372012301109490,"category":{"id":0,"name":"string"},"name":"doggie","photoUrls":["string"],"tags":[{"id":0,"name":"string"}],"status":"available"},{"id":9223372012301109491,"category":{"id":0,"name":"string"},"name":"doggie","photoUrls":["string"],"tags":[{"id":0,"name":"string"}],"status":"available"},{"id":9223372012301109492,"category":{"id":0,"name":"string"},"name":"doggie","photoUrls":["string"],"tags":[{"id":0,"name":"string"}],"status":"available"},{"id":9223372012301109493,"category":{"id":0,"name":"string"},"name":"doggie","photoUrls":["string"],"tags":[{"id":0,"name":"string"}],"status":"available"},{"id":9223372012301109494,"category":{"id":0,"name":"string"},"name":"doggie","photoUrls":["string"],"tags":[{"id":0,"name":"string"}],"status":"available"},{"id":9223372012301109495,"category":{"id":0,"name":"string"},"name":"doggie","photoUrls":["string"],"tags":[{"id":0,"name":"string"}],"status":"available"},{"id":9223372012301109496,"category":{"id":0,"name":"string"},"name":"doggie","photoUrls":["string"],"tags":[{"id":0,"name":"string"}],"status":"available"},{"id":9223372012301109497,"category":{"id":0,"name":"string"},"name":"doggie","photoUrls":["string"],"tags":[{"id":0,"name":"string"}],"status":"available"},{"id":9223372012301109498,"category":{"id":0,"name":"string"},"name":"doggie","photoUrls":["string"],"tags":[{"id":0,"name":"string"}],"status":"available"},{"id":9223372012301109499,"category":{"id":0,"name":"string"},"name":"doggie","photoUrls":["string"],"tags":[{"id":0,"name":"string"}],"status":"available"},{"id":9223372012301109500,"category":{"id":0,"name":"string"},"name":"fish","photoUrls":["string"],"tags":[{"id":0,"name":"string"}],"status":"available"},{"id":9223372012301109507,"category":{"id":0,"name":"string"},"name":"fish","photoUrls":["string"],"tags":[{"id":0,"name":"string"}],"status":"available"},{"id":9223372012301109508,"category":{"id":0,"name":"string"},"name":"fish","photoUrls":["string"],"tags":[{"id":0,"name":"string"}],"status":"available"},{"id":9223372012301109509,"category":{"id":0,"name":"string"},"name":"doggie","photoUrls":["string"],"tags":[{"id":0,"name":"string"}],"status":"available"},{"id":9223372012301109510,"category":{"id":0,"name":"string"},"name":"doggie","photoUrls":["string"],"tags":[{"id":0,"name":"string"}],"status":"available"},{"id":9223372012301109511,"category":{"id":0,"name":"string"},"name":"doggie","photoUrls":["string"],"tags":[{"id":0,"name":"string"}],"status":"available"},{"id":9223372012301109512,"category":{"id":0,"name":"string"},"name":"doggie","photoUrls":["string"],"tags":[{"id":0,"name":"string"}],"status":"available"},{"id":9223372012301109513,"category":{"id":0,"name":"string"},"name":"doggie","photoUrls":["string"],"tags":[{"id":0,"name":"string"}],"status":"available"},{"id":9223372012301109514,"category":{"id":0,"name":"string"},"name":"doggie","photoUrls":["string"],"tags":[{"id":0,"name":"string"}],"status":"available"},{"id":9223372012301109515,"category":{"id":0,"name":"string"},"name":"doggie","photoUrls":["string"],"tags":[{"id":0,"name":"string"}],"status":"available"},{"id":9223372012301109516,"category":{"id":0,"name":"string"},"name":"doggie","photoUrls":["string"],"tags":[{"id":0,"name":"string"}],"status":"available"},{"id":9223372012301109517,"category":{"id":0,"name":"string"},"name":"fish","photoUrls":["string"],"tags":[{"id":0,"name":"string"}],"status":"available"},{"id":9223372012301109518,"category":{"id":0,"name":"pup1"},"name":"doggie","photoUrls":["none"],"tags":[{"id":1,"name":"pup2"}],"status":"available"},{"id":9223372012301109524,"category":{"id":0,"name":"string"},"name":"fish","photoUrls":["string"],"tags":[{"id":0,"name":"string"}],"status":"available"},{"id":1000,"category":{"id":290,"name":"string"},"name":"Demo1234","photoUrls":["string"],"tags":[{"id":900,"name":"string"}],"status":"available"},{"id":9223372012301109525,"category":{"id":0,"name":"string"},"name":"doggie","photoUrls":["string"],"tags":[{"id":0,"name":"string"}],"status":"available"},{"id":9223372012301109526,"category":{"id":0,"name":"string"},"name":"doggie","photoUrls":["string"],"tags":[{"id":0,"name":"string"}],"status":"available"},{"id":9223372012301109527,"category":{"id":0,"name":"string"},"name":"doggie","photoUrls":["string"],"tags":[{"id":0,"name":"string"}],"status":"available"},{"id":9223372012301109528,"category":{"id":0,"name":"string"},"name":"doggie","photoUrls":["string"],"tags":[{"id":0,"name":"string"}],"status":"available"},{"id":9223372012301109529,"category":{"id":0,"name":"string"},"name":"doggie","photoUrls":["string"],"tags":[{"id":0,"name":"string"}],"status":"available"},{"id":9223372012301109530,"category":{"id":0,"name":"string"},"name":"doggie","photoUrls":["string"],"tags":[{"id":0,"name":"string"}],"status":"available"},{"id":9223372012301109531,"category":{"id":0,"name":"string"},"name":"doggie","photoUrls":["string"],"tags":[{"id":0,"name":"string"}],"status":"available"},{"id":9223372012301109532,"category":{"id":0,"name":"string"},"name":"doggie","photoUrls":["string"],"tags":[{"id":0,"name":"string"}],"status":"available"},{"id":9223372012301109533,"category":{"id":0,"name":"string"},"name":"doggie","photoUrls":["string"],"tags":[{"id":0,"name":"string"}],"status":"available"},{"id":9223372012301109534,"category":{"id":0,"name":"string"},"name":"fish","photoUrls":["string"],"tags":[{"id":0,"name":"string"}],"status":"available"},{"id":9223372012301109538,"category":{"id":0,"name":"string"},"name":"fish","photoUrls":["string"],"tags":[{"id":0,"name":"string"}],"status":"available"},{"id":9223372012301109542,"category":{"id":0,"name":"string"},"name":"doggie","photoUrls":["string"],"tags":[{"id":0,"name":"string"}],"status":"available"},{"id":9223372012301109543,"category":{"id":0,"name":"string"},"name":"doggie","photoUrls":["string"],"tags":[{"id":0,"name":"string"}],"status":"available"},{"id":9223372012301109544,"category":{"id":0,"name":"string"},"name":"doggie","photoUrls":["string"],"tags":[{"id":0,"name":"string"}],"status":"available"},{"id":9223372012301109545,"category":{"id":0,"name":"string"},"name":"doggie","photoUrls":["string"],"tags":[{"id":0,"name":"string"}],"status":"available"},{"id":9223372012301109546,"category":{"id":0,"name":"string"},"name":"doggie","photoUrls":["string"],"tags":[{"id":0,"name":"string"}],"status":"available"},{"id":9223372012301109547,"category":{"id":0,"name":"string"},"name":"doggie","photoUrls":["string"],"tags":[{"id":0,"name":"string"}],"status":"available"},{"id":9223372012301109548,"category":{"id":0,"name":"string"},"name":"doggie","photoUrls":["string"],"tags":[{"id":0,"name":"string"}],"status":"available"},{"id":9223372012301109549,"category":{"id":0,"name":"string"},"name":"doggie","photoUrls":["string"],"tags":[{"id":0,"name":"string"}],"status":"available"},{"id":9223372012301109550,"category":{"id":0,"name":"string"},"name":"doggie","photoUrls":["string"],"tags":[{"id":0,"name":"string"}],"status":"available"},{"id":9223372012301109551,"category":{"id":0,"name":"string"},"name":"doggie","photoUrls":["string"],"tags":[{"id":0,"name":"string"}],"status":"available"},{"id":9223372012301109552,"category":{"id":0,"name":"string"},"name":"doggie","photoUrls":["string"],"tags":[{"id":0,"name":"string"}],"status":"available"},{"id":9223372012301109553,"category":{"id":0,"name":"string"},"name":"doggie","photoUrls":["string"],"tags":[{"id":0,"name":"string"}],"status":"available"},{"id":9223372012301109554,"category":{"id":0,"name":"string"},"name":"new doggie","photoUrls":["string"],"tags":[{"id":0,"name":"string"}],"status":"available"},{"id":9223372012301109559,"category":{"id":0,"name":"string"},"name":"fish","photoUrls":["string"],"tags":[{"id":0,"name":"string"}],"status":"available"},{"id":9223372012301109560,"category":{"id":0,"name":"string"},"name":"doggie","photoUrls":["string"],"tags":[{"id":0,"name":"string"}],"status":"available"},{"id":9223372012301109561,"category":{"id":4123,"name":"test"},"name":"testdog","photoUrls":["string"],"tags":[{"id":0,"name":"string"}],"status":"available"},{"id":9223372012301109562,"category":{"id":4123,"name":"test"},"name":"testdog","photoUrls":["string"],"tags":[{"id":0,"name":"string"}],"status":"available"},{"id":9223372012301109563,"category":{"id":4123,"name":"test"},"name":"testdog","photoUrls":["string"],"tags":[{"id":0,"name":"string"}],"status":"available"},{"id":9223372012301109564,"category":{"id":0,"name":"string"},"name":"doggie","photoUrls":["string"],"tags":[{"id":0,"name":"string"}],"status":"available"},{"id":9223372012301109565,"category":{"id":0,"name":"string"},"name":"doggie","photoUrls":["string"],"tags":[{"id":0,"name":"string"}],"status":"available"},{"id":9223372012301109566,"category":{"id":0,"name":"string"},"name":"doggie","photoUrls":["string"],"tags":[{"id":0,"name":"string"}],"status":"available"},{"id":9223372012301109567,"category":{"id":0,"name":"string"},"name":"doggie","photoUrls":["string"],"tags":[{"id":0,"name":"string"}],"status":"available"},{"id":9223372012301109568,"category":{"id":0,"name":"string"},"name":"doggie","photoUrls":["string"],"tags":[{"id":0,"name":"string"}],"status":"available"},{"id":9223372012301109569,"category":{"id":0,"name":"string"},"name":"doggie","photoUrls":["string"],"tags":[{"id":0,"name":"string"}],"status":"available"},{"id":9223372012301109570,"category":{"id":0,"name":"string"},"name":"doggie","photoUrls":["string"],"tags":[{"id":0,"name":"string"}],"status":"available"},{"id":9223372012301109571,"category":{"id":0,"name":"string"},"name":"doggie","photoUrls":["string"],"tags":[{"id":0,"name":"string"}],"status":"available"},{"id":9223372012301109572,"category":{"id":0,"name":"string"},"name":"doggie","photoUrls":["string"],"tags":[{"id":0,"name":"string"}],"status":"available"},{"id":9223372012301109576,"category":{"id":0,"name":"string"},"name":"doggie","photoUrls":["string"],"tags":[{"id":0,"name":"string"}],"status":"available"},{"id":9223372012301109577,"category":{"id":0,"name":"string"},"name":"doggie","photoUrls":["string"],"tags":[{"id":0,"name":"string"}],"status":"available"},{"id":9223372012301109578,"category":{"id":0,"name":"string"},"name":"doggie","photoUrls":["string"],"tags":[{"id":0,"name":"string"}],"status":"available"},{"id":9223372012301109579,"category":{"id":0,"name":"string"},"name":"doggie","photoUrls":["string"],"tags":[{"id":0,"name":"string"}],"status":"available"},{"id":9223372012301109580,"category":{"id":0,"name":"string"},"name":"fish","photoUrls":["string"],"tags":[{"id":0,"name":"string"}],"status":"available"},{"id":9223372012301109581,"category":{"id":0,"name":"string"},"name":"doggie","photoUrls":["string"],"tags":[{"id":0,"name":"string"}],"status":"available"},{"id":9223372012301109582,"category":{"id":0,"name":"string"},"name":"doggie","photoUrls":["string"],"tags":[{"id":0,"name":"string"}],"status":"available"},{"id":9223372012301109583,"category":{"id":0,"name":"string"},"name":"doggie","photoUrls":["string"],"tags":[{"id":0,"name":"string"}],"status":"available"},{"id":9223372012301109584,"category":{"id":0,"name":"string"},"name":"doggie","photoUrls":["string"],"tags":[{"id":0,"name":"string"}],"status":"available"},{"id":9223372012301109585,"category":{"id":0,"name":"string"},"name":"fish","photoUrls":["string"],"tags":[{"id":0,"name":"string"}],"status":"available"},{"id":9223372012301109592,"category":{"id":0,"name":"string"},"name":"fish","photoUrls":["string"],"tags":[{"id":0,"name":"string"}],"status":"available"},{"id":9223372012301109593,"category":{"id":0,"name":"string"},"name":"doggie","photoUrls":["string"],"tags":[{"id":0,"name":"string"}],"status":"available"},{"id":9223372012301109594,"category":{"id":0,"name":"string"},"name":"doggie","photoUrls":["string"],"tags":[{"id":0,"name":"string"}],"status":"available"},{"id":9223372012301109595,"category":{"id":0,"name":"string"},"name":"doggie","photoUrls":["string"],"tags":[{"id":0,"name":"string"}],"status":"available"},{"id":9223372012301109596,"category":{"id":0,"name":"string"},"name":"doggie","photoUrls":["string"],"tags":[{"id":0,"name":"string"}],"status":"available"},{"id":9223372012301109597,"category":{"id":0,"name":"string"},"name":"fish","photoUrls":["string"],"tags":[{"id":0,"name":"string"}],"status":"available"},{"id":9223372012301109598,"category":{"id":0,"name":"string"},"name":"doggie","photoUrls":["string"],"tags":[{"id":0,"name":"string"}],"status":"available"},{"id":9223372012301109599,"category":{"id":0,"name":"string"},"name":"doggie","photoUrls":["string"],"tags":[{"id":0,"name":"string"}],"status":"available"},{"id":9223372012301109600,"category":{"id":0,"name":"string"},"name":"doggie","photoUrls":["string"],"tags":[{"id":0,"name":"string"}],"status":"available"},{"id":9223372012301109601,"category":{"id":0,"name":"string"},"name":"doggie","photoUrls":["string"],"tags":[{"id":0,"name":"string"}],"status":"available"},{"id":9223372012301109602,"category":{"id":0,"name":"string"},"name":"doggie","photoUrls":["string"],"tags":[{"id":0,"name":"string"}],"status":"available"},{"id":9223372012301109607,"category":{"id":0,"name":"string"},"name":"fish","photoUrls":["string"],"tags":[{"id":0,"name":"string"}],"status":"available"},{"id":9223372012301109608,"category":{"id":0,"name":"string"},"name":"fish","photoUrls":["string"],"tags":[{"id":0,"name":"string"}],"status":"available"},{"id":9223372012301109609,"category":{"id":0,"name":"string"},"name":"doggie","photoUrls":["string"],"tags":[{"id":0,"name":"string"}],"status":"available"},{"id":9223372012301109610,"category":{"id":0,"name":"string"},"name":"doggie","photoUrls":["string"],"tags":[{"id":0,"name":"string"}],"status":"available"},{"id":9223372012301109611,"category":{"id":0,"name":"string"},"name":"doggie","photoUrls":["string"],"tags":[{"id":0,"name":"string"}],"status":"available"},{"id":9223372012301109612,"category":{"id":0,"name":"string"},"name":"doggie","photoUrls":["string"],"tags":[{"id":0,"name":"string"}],"status":"available"},{"id":9223372012301109613,"category":{"id":0,"name":"string"},"name":"doggie","photoUrls":["string"],"tags":[{"id":0,"name":"string"}],"status":"available"},{"id":9223372012301109614,"category":{"id":0,"name":"string"},"name":"doggie","photoUrls":["string"],"tags":[{"id":0,"name":"string"}],"status":"available"},{"id":9223372012301109615,"category":{"id":0,"name":"string"},"name":"doggie","photoUrls":["string"],"tags":[{"id":0,"name":"string"}],"status":"available"},{"id":9223372012301109623,"category":{"id":0,"name":"string"},"name":"test","photoUrls":["string"],"tags":[{"id":0,"name":"string"}],"status":"available"},{"id":9223372012301109624,"category":{"id":0,"name":"string"},"name":"test","photoUrls":["string"],"tags":[{"id":0,"name":"string"}],"status":"available"},{"id":9223372012301109625,"category":{"id":0,"name":"string"},"name":"test","photoUrls":["string"],"tags":[{"id":0,"name":"string"}],"status":"available"},{"id":9223372012301109626,"category":{"id":0,"name":"string"},"name":"fish","photoUrls":["string"],"tags":[{"id":0,"name":"string"}],"status":"available"},{"id":9223372012301109627,"name":"siyaan","photoUrls":[],"tags":[],"status":"available"},{"id":9223372012301109628,"category":{"id":0,"name":"string"},"name":"doggie","photoUrls":["string"],"tags":[{"id":0,"name":"string"}],"status":"available"},{"id":9223372012301109629,"category":{"id":0,"name":"string"},"name":"doggie","photoUrls":["string"],"tags":[{"id":0,"name":"string"}],"status":"available"},{"id":9223372012301109630,"category":{"id":0,"name":"string"},"name":"doggie","photoUrls":["string"],"tags":[{"id":0,"name":"string"}],"status":"available"},{"id":9223372012301109631,"category":{"id":0,"name":"string"},"name":"doggie","photoUrls":["string"],"tags":[{"id":0,"name":"string"}],"status":"available"},{"id":9223372012301109632,"category":{"id":0,"name":"string"},"name":"doggie","photoUrls":["string"],"tags":[{"id":0,"name":"string"}],"status":"available"},{"id":9223372012301109633,"category":{"id":0,"name":"string"},"name":"doggie","photoUrls":["string"],"tags":[{"id":0,"name":"string"}],"status":"available"},{"id":9223372012301109634,"category":{"id":0,"name":"string"},"name":"doggie","photoUrls":["string"],"tags":[{"id":0,"name":"string"}],"status":"available"},{"id":9223372012301109635,"category":{"id":0,"name":"string"},"name":"doggie","photoUrls":["string"],"tags":[{"id":0,"name":"string"}],"status":"available"},{"id":9223372012301109636,"category":{"id":0,"name":"string"},"name":"fish","photoUrls":["string"],"tags":[{"id":0,"name":"string"}],"status":"available"},{"id":14,"category":{"id":14,"name":"Julie"},"name":"Jonny","photoUrls":["http://jonnyimage1"],"tags":[{"id":14,"name":"Tommy"}],"status":"available"},{"id":9223372012301109643,"category":{"id":0,"name":"string"},"name":"doggie","photoUrls":["string"],"tags":[{"id":0,"name":"string"}],"status":"available"},{"id":9223372012301109644,"category":{"id":0,"name":"string"},"name":"doggie","photoUrls":["string"],"tags":[{"id":0,"name":"string"}],"status":"available"},{"id":9223372012301109646,"category":{"id":0,"name":"string"},"name":"fish","photoUrls":["string"],"tags":[{"id":0,"name":"string"}],"status":"available"},{"id":9223372012301109647,"category":{"id":0,"name":"string"},"name":"fish","photoUrls":["string"],"tags":[{"id":0,"name":"string"}],"status":"available"},{"id":9223372012301109648,"category":{"id":0,"name":"string"},"name":"doggie","photoUrls":["string"],"tags":[{"id":0,"name":"string"}],"status":"available"},{"id":9223372012301109649,"category":{"id":0,"name":"string"},"name":"doggie","photoUrls":["string"],"tags":[{"id":0,"name":"string"}],"status":"available"},{"id":9223372012301109650,"category":{"id":0,"name":"string"},"name":"doggie","photoUrls":["string"],"tags":[{"id":0,"name":"string"}],"status":"available"},{"id":9223372012301109651,"category":{"id":0,"name":"string"},"name":"doggie","photoUrls":["string"],"tags":[{"id":0,"name":"string"}],"status":"available"},{"id":9223372012301109652,"category":{"id":0,"name":"string"},"name":"doggie","photoUrls":["string"],"tags":[{"id":0,"name":"string"}],"status":"available"},{"id":9223372012301109653,"category":{"id":0,"name":"string"},"name":"doggie","photoUrls":["string"],"tags":[{"id":0,"name":"string"}],"status":"available"},{"id":9223372012301109654,"category":{"id":0,"name":"string"},"name":"doggie","photoUrls":["string"],"tags":[{"id":0,"name":"string"}],"status":"available"},{"id":9223372012301109655,"category":{"id":0,"name":"string"},"name":"doggie","photoUrls":["string"],"tags":[{"id":0,"name":"string"}],"status":"available"},{"id":9223372012301109658,"category":{"id":4123,"name":"test"},"name":"testdog","photoUrls":["string"],"tags":[{"id":0,"name":"string"}],"status":"available"},{"id":9223372012301109659,"category":{"id":4123,"name":"test"},"name":"testdog","photoUrls":["string"],"tags":[{"id":0,"name":"string"}],"status":"available"},{"id":9223372012301109661,"category":{"id":0,"name":"string"},"name":"fish","photoUrls":["string"],"tags":[{"id":0,"name":"string"}],"status":"available"},{"id":9223372012301109662,"category":{"id":0,"name":"string"},"name":"doggie","photoUrls":["string"],"tags":[{"id":0,"name":"string"}],"status":"available"},{"id":9223372012301109663,"category":{"id":0,"name":"string"},"name":"doggie","photoUrls":["string"],"tags":[{"id":0,"name":"string"}],"status":"available"},{"id":9223372012301109664,"category":{"id":0,"name":"string"},"name":"doggie","photoUrls":["string"],"tags":[{"id":0,"name":"string"}],"status":"available"},{"id":9223372012301109665,"category":{"id":0,"name":"string"},"name":"doggie","photoUrls":["string"],"tags":[{"id":0,"name":"string"}],"status":"available"},{"id":9223372012301109666,"category":{"id":0,"name":"string"},"name":"fish","photoUrls":["string"],"tags":[{"id":0,"name":"string"}],"status":"available"},{"id":9223372012301109667,"category":{"id":0,"name":"string"},"name":"doggie","photoUrls":["string"],"tags":[{"id":0,"name":"string"}],"status":"available"},{"id":9223372012301109668,"category":{"id":0,"name":"string"},"name":"doggie","photoUrls":["string"],"tags":[{"id":0,"name":"string"}],"status":"available"},{"id":9223372012301109669,"category":{"id":0,"name":"string"},"name":"doggie","photoUrls":["string"],"tags":[{"id":0,"name":"string"}],"status":"available"},{"id":9223372012301109670,"category":{"id":0,"name":"string"},"name":"doggie","photoUrls":["string"],"tags":[{"id":0,"name":"string"}],"status":"available"},{"id":9223372012301109671,"category":{"id":0,"name":"string"},"name":"fish","photoUrls":["string"],"tags":[{"id":0,"name":"string"}],"status":"available"},{"id":9223372012301109679,"category":{"id":0,"name":"string"},"name":"doggie","photoUrls":["string"],"tags":[{"id":0,"name":"string"}],"status":"available"},{"id":9223372012301109680,"category":{"id":0,"name":"string"},"name":"doggie","photoUrls":["string"],"tags":[{"id":0,"name":"string"}],"status":"available"},{"id":9223372012301109681,"category":{"id":0,"name":"string"},"name":"doggie","photoUrls":["string"],"tags":[{"id":0,"name":"string"}],"status":"available"},{"id":9223372012301109682,"category":{"id":0,"name":"string"},"name":"doggie","photoUrls":["string"],"tags":[{"id":0,"name":"string"}],"status":"available"},{"id":9223372012301109683,"category":{"id":0,"name":"string"},"name":"doggie","photoUrls":["string"],"tags":[{"id":0,"name":"string"}],"status":"available"},{"id":9223372012301109684,"category":{"id":0,"name":"string"},"name":"doggie","photoUrls":["string"],"tags":[{"id":0,"name":"string"}],"status":"available"},{"id":9223372012301109685,"category":{"id":0,"name":"string"},"name":"doggie","photoUrls":["string"],"tags":[{"id":0,"name":"string"}],"status":"available"},{"id":9223372012301109686,"category":{"id":0,"name":"string"},"name":"doggie","photoUrls":["string"],"tags":[{"id":0,"name":"string"}],"status":"available"},{"id":9223372012301109687,"category":{"id":0,"name":"string"},"name":"doggie","photoUrls":["string"],"tags":[{"id":0,"name":"string"}],"status":"available"},{"id":9223372012301109688,"category":{"id":0,"name":"string"},"name":"doggie","photoUrls":["string"],"tags":[{"id":0,"name":"string"}],"status":"available"},{"id":9223372012301109689,"category":{"id":0,"name":"string"},"name":"doggie","photoUrls":["string"],"tags":[{"id":0,"name":"string"}],"status":"available"},{"id":9223372012301109690,"category":{"id":4123,"name":"test"},"name":"testdog","photoUrls":["string"],"tags":[{"id":0,"name":"string"}],"status":"available"},{"id":9223372012301109691,"category":{"id":0,"name":"string"},"name":"fish","photoUrls":["string"],"tags":[{"id":0,"name":"string"}],"status":"available"},{"id":9223372012301109697,"category":{"id":0,"name":"string"},"name":"fish","photoUrls":["string"],"tags":[{"id":0,"name":"string"}],"status":"available"},{"id":9223372012301109698,"category":{"id":0,"name":"string"},"name":"fish","photoUrls":["string"],"tags":[{"id":0,"name":"string"}],"status":"available"},{"id":9223372012301109699,"category":{"id":0,"name":"string"},"name":"doggie","photoUrls":["string"],"tags":[{"id":0,"name":"string"}],"status":"available"},{"id":9223372012301109700,"category":{"id":0,"name":"string"},"name":"doggie","photoUrls":["string"],"tags":[{"id":0,"name":"string"}],"status":"available"},{"id":9223372012301109702,"category":{"id":0,"name":"string"},"name":"doggie","photoUrls":["string"],"tags":[{"id":0,"name":"string"}],"status":"available"},{"id":9223372012301109703,"category":{"id":0,"name":"string"},"name":"doggie","photoUrls":["string"],"tags":[{"id":0,"name":"string"}],"status":"available"},{"id":9223372012301109704,"category":{"id":0,"name":"string"},"name":"doggie","photoUrls":["string"],"tags":[{"id":0,"name":"string"}],"status":"available"},{"id":9223372012301109705,"category":{"id":0,"name":"string"},"name":"fish","photoUrls":["string"],"tags":[{"id":0,"name":"string"}],"status":"available"},{"id":922337
[...]
9223372012301109721 : doggie
9223372012301109720 : doggie
9223372012301109723 : new doggie
9223372012301109722 : doggie
9223372012301109713 : fish
9223372012301109715 : doggie
9223372012301109714 : doggie
9223372012301109717 : doggie
9223372012301109716 : doggie
9223372012301109719 : doggie
9223372012301109718 : doggie
9223372012301109705 : fish
9223372012301109704 : doggie
9223372012301109707 : doggie
9223372012301109706 : doggie
9223372012301109709 : doggie
9223372012301109708 : doggie
9223372012301109697 : fish
9223372012301109699 : doggie
9223372012301109698 : fish
9223372012301109700 : doggie
9223372012301109703 : doggie
9223372012301109702 : doggie
9223372012301109689 : doggie
9223372012301109688 : doggie
9223372012301109691 : fish
9223372012301109690 : testdog
9223372012301109681 : doggie
9223372012301109680 : doggie
9223372012301109683 : doggie
9223372012301109682 : doggie
9223372012301109685 : doggie
9223372012301109684 : doggie
9223372012301109687 : doggie
9223372012301109686 : doggie
9223372012301109679 : doggie
9223372000001110662 : fish
9223372012301109665 : doggie
9223372012301109664 : doggie
9223372012301109667 : doggie
9223372012301109666 : fish
9223372012301109669 : doggie
9223372012301109668 : doggie
9223372012301109671 : fish
9223372012301109670 : doggie
9223372012301109659 : testdog
9223372012301109658 : testdog
9223372012301109661 : fish
9223372012301109663 : doggie
9223372012301109662 : doggie
9223372012301109649 : doggie
9223372012301109648 : doggie
9223372012301109651 : doggie
9223372012301109650 : doggie
9223372012301109653 : doggie
9223372012301109652 : doggie
125354646 : name125354646
9223372012301109655 : doggie
9223372012301109654 : doggie
9223372012301109643 : doggie
9223372012301109644 : doggie
9223372012301109647 : fish
9223372012301109646 : fish
9223372012301109633 : doggie
9223372012301109632 : doggie
9223372012301109635 : doggie
9223372012301109634 : doggie
9223372012301109636 : fish
9223372012301109883 : doggie
9223372012301109885 : doggie
9223372012301109884 : doggie
9223372012301109887 : doggie
9223372012301109886 : new22dogie22
9223372012301109873 : doggie
9223372012301109872 : doggie
9223372012301109875 : doggie
9223372012301109874 : doggie
9223372012301109865 : fish
9223372012301109867 : doggie
9223372012301109866 : doggie
9223372012301109869 : doggie
9223372012301109868 : doggie
9223372012301109871 : fish
9223372012301109870 : doggie
9223372012301109857 : doggie
9223372012301109856 : doggie
9223372012301109859 : fish
9223372012301109858 : doggie
9223372012301109860 : new22dogie22
9223372012301109849 : doggie
9223372012301109848 : doggie
9223372012301109851 : doggie
9223372012301109850 : doggie
9223372012301109853 : fish
9223372012301109852 : doggie
9223372012301109855 : doggie
9223372012301109854 : doggie
9223372012301109843 : test
9223372012301109845 : test
9223372012301109844 : test
9223372012301109847 : doggie
9223372012301109846 : fish
9223372012301109833 : doggie
9223372012301109832 : doggie
9223372012301109835 : new doggie
9223372012301109834 : doggie
9223372012301109825 : new doggie
9223372012301109824 : fish
9223372012301109827 : doggie
9223372012301109826 : fish
9223372012301109829 : doggie
9223372012301109828 : doggie
9223372012301109831 : doggie
9223372012301109830 : doggie
9223372012301109817 : fish
9223372012301109816 : doggie
9223372012301109819 : new doggie
9223372012301109818 : fish
9223372012301109809 : doggie
9223372012301109808 : fish
9223372012301109811 : doggie
9223372012301109810 : doggie
9223372012301109813 : doggie
9223372012301109812 : doggie
9223372012301109815 : doggie
9223372012301109814 : doggie
9223372012301109801 : fish
9223372012301109800 : fish
9223372012301109805 : fish
9223372012301109807 : doggie
9223372012301109806 : doggie
9223372012301109793 : doggie
9223372012301109792 : doggie
9223372012301109795 : doggie
9223372012301109794 : doggie
9223372012301109797 : doggie
9223372012301109796 : doggie
9223372012301109799 : doggie
9223372012301109798 : doggie
9223372012301109784 : new doggie
9223372012301109791 : doggie
9223372012301109790 : fish
112233 : Postman
9223372012301109777 : doggie
9223372012301109776 : doggie
9223372012301109779 : doggie
9223372012301109778 : fish
9223372012301109781 : doggie
9223372012301109780 : doggie
9223372012301109783 : doggie
9223372012301109782 : doggie
9223372012301109771 : fish
9223372012301109773 : doggie
9223372012301109772 : doggie
9223372012301109775 : doggie
9223372012301109774 : doggie
9223372012301109761 : fish
9223372012301109760 : doggie
9223372012301109763 : doggie
9223372012301109762 : doggie
9223372012301109765 : new doggie
9223372012301109764 : doggie
9223372012301109969 : fish
9223372012301109960 : fish
9223372012301109963 : smelly_cat4
9222968140491042131 : doggie
9223372012301109953 : doggie
9223372012301109952 : doggie
9223372012301109955 : doggie
9223372012301109954 : doggie
9223372012301109957 : doggie
9223372012301109956 : doggie
9223372012301109959 : doggie
9223372012301109958 : doggie
9223372012301109951 : fish
9223372012301109950 : doggie
9223372012301109937 : doggie
9223372012301109936 : doggie
9223372012301109939 : doggie
9223372012301109938 : fish
9223372012301109941 : doggie
9223372012301109940 : doggie
9223372012301109943 : smelly_cat4
9223372012301109942 : fish
9223372012301109933 : doggie
9223372012301109932 : fish
9223372012301109935 : doggie
9223372012301109934 : doggie
9223372012301109921 : doggie
9223372012301109920 : doggie
9223372012301109923 : doggie
9223372012301109922 : doggie
9223372012301109925 : doggie
9223372012301109924 : doggie
9223372012301109926 : doggie
9223372012301109915 : smelly_cat2
9223372012301109917 : testdog
9223372012301109916 : doggie
9223372012301109919 : doggie
9223372012301109918 : testdog
9223372012301109905 : fish
9223372012301109904 : doggie
9223372012301109907 : doggie
9223372012301109906 : doggie
9223372012301109909 : doggie
9223372012301109908 : doggie
9223372012301109911 : doggie
9223372012301109910 : doggie
9223372012301109901 : doggie
9223372012301109900 : fish
9223372012301109903 : doggie
9223372012301109902 : doggie
9223372012301109889 : fish
9223372012301109888 : doggie
26112021891212 : jose manuel fernandez palomares
9223372012301109891 : doggie
9223372012301109890 : doggie
9223372012301109893 : doggie
9223372012301109892 : doggie
45677645678765 : Bruno
9223372012301109894 : doggie
9223372012301109113 : doggie
9223372012301109112 : doggie
9223372012301109115 : doggie
9223372012301109114 : doggie
9223372012301109117 : doggie
9223372012301109116 : doggie
9223372012301109119 : doggie
9223372012301109118 : doggie
9223372012301109105 : doggie
9223372012301109104 : doggie
9223372012301109106 : doggie
9223372012301109097 : doggie
9223372012301109096 : doggie
9223372012301109099 : doggie
9223372012301109098 : doggie
9223372012301109101 : new doggie
9223372012301109100 : doggie
9223372012301109103 : doggie
9223372012301109102 : doggie
9223372012301109091 : new doggie
9223372012301109093 : fish
9223372012301109092 : doggie
9223372012301109095 : doggie
9223372012301109094 : fish
9223372012301109081 : doggie
9223372012301109080 : doggie
9223372012301109083 : doggie
9223372012301109082 : doggie
9223372012301109073 : new doggie
9223372012301109072 : fish
9223372012301109075 : doggie
9223372012301109074 : doggie
9223372012301109077 : doggie
9223372012301109076 : doggie
9223372012301109079 : doggie
9223372012301109078 : doggie
9223372012301109071 : fish
9223372012301109057 : doggie
9223372012301109056 : new doggie
9223372012301109059 : doggie
9223372012301109058 : doggie
9223372012301109061 : doggie
9223372012301109060 : doggie
9223372012301109063 : fish
9223372012301109062 : doggie
9223372012301109048 : doggie
9223372012301109053 : new doggie
9223372012301109055 : Muddy
9223372012301109054 : fish
9223372012301109041 : doggie
9223372012301109040 : doggie
9223372012301109043 : doggie
9223372012301109042 : doggie
9223372012301109045 : doggie
9223372012301109044 : doggie
9223372012301109047 : doggie
9223372012301109046 : fish
9223372012301109035 : fish
9223372012301109037 : doggie
9223372012301109036 : doggie
9223372012301109039 : doggie
9223372012301109038 : doggie
9223372012301109025 : doggie
9223372012301109024 : doggie
9223372012301109027 : doggie
9223372012301109026 : doggie
9223372012301109029 : fish
9223372012301109028 : doggie
9223372012301109031 : doggie
9223372012301109030 : doggie
9223372012301109021 : doggie
9223372012301109020 : fish
9223372012301109023 : doggie
9223372012301109022 : doggie
9223372012301109009 : doggie
9223372012301109008 : doggie
9223372012301109010 : fish
9223372012301109001 : doggie
9223372012301109003 : doggie
9223372012301109002 : doggie
9223372012301109005 : doggie
9223372012301109004 : fish
9223372012301109007 : doggie
9223372012301109006 : doggie
9223372012301109245 : doggie
9223372012301109247 : doggie
9223372012301109246 : doggie
9223372012301109233 : doggie
9223372012301109232 : doggie
9223372012301109235 : doggie
9223372012301109234 : doggie
9223372012301109237 : doggie
9223372012301109236 : fish
9223372012301109225 : doggie
9223372012301109224 : doggie
9223372012301109227 : doggie
9223372012301109226 : doggie
9223372012301109229 : doggie
9223372012301109228 : doggie
9223372012301109231 : fish
9223372012301109230 : doggie
9223372012301109217 : doggie
9223372012301109216 : fish
9223372012301109219 : doggie
9223372012301109218 : doggie
9223372012301109220 : doggie
9223372012301109213 : doggie
9223372012301109212 : doggie
9223372012301109215 : doggie
9223372012301109214 : doggie
9223372012301109201 : doggie
9223372012301109200 : doggie
9223372012301109203 : doggie
9223372012301109202 : doggie
9223372012301109205 : fish
9223372012301109204 : doggie
9223372012301109195 : test
9223372012301109197 : fish
9223372012301109196 : test
9223372012301109199 : doggie
9223372012301109198 : doggie
9223372012301109185 : doggie
9223372012301109187 : doggie
9223372012301109186 : doggie
922337201230110130 : NewDoggie130
9223372012301109177 : doggie
9223372012301109176 : Mouse
9223372012301109179 : doggie
922337201230110129 : NewDoggie129
9223372012301109178 : doggie
9223372012301109181 : doggie
9223372012301109180 : doggie
9223372012301109183 : fish
9223372012301109182 : doggie
9223372012301109169 : fish
9223372012301109168 : doggie
9223372012301109161 : doggie
9223372012301109160 : doggie
9223372012301109163 : doggie
9223372012301109162 : doggie
9223372012301109165 : doggie
9223372012301109164 : doggie
9223372012301109167 : doggie
9223372012301109166 : doggie
9223372012301109153 : doggie
922337201230110123 : NewDoggie123
9223372012301109152 : doggie
9223372012301109154 : doggie
9223372012301109159 : doggie
922337201230110125 : NewDoggie125
9223372012301109158 : fish
991 : Llama
9223372012301109145 : doggie
9223372012301109147 : doggie
9223372012301109146 : doggie
9223372012301109149 : fish
9223372012301109148 : doggie
9223372012301109151 : doggie
9223372012301109150 : doggie
9223372012301109137 : doggie
1000 : Demo1234
9223372012301109136 : doggie
9223372012301109138 : fish
9223372012301109141 : new doggie
9223372012301109129 : fish
9223372012301109131 : doggie
1010 : Doggo
9223372012301109130 : doggie
1011 : Catto
9223372012301109133 : doggie
9223372012301109132 : doggie
1013 : Mouso
9223372012301109135 : doggie
1014 : Fisho
9223372012301109134 : doggie
9223372012301109121 : doggie
9223372012301109120 : doggie
]]></system-out>
  </testcase>
  <testcase name="testFindPetByID" classname="petStoreSwaggerAPITests.TestAPI" time="0.249">
    <system-out><![CDATA[1984 [main] DEBUG freemarker.cache  - Couldn't find template in cache for "v3html/v3-html-index.ftl"("en", UTF-8, parsed); will try to load it.
1987 [main] DEBUG freemarker.cache  - TemplateLoader.findTemplateSource("v3html/v3-html-index_en.ftl"): Not found
1990 [main] DEBUG freemarker.cache  - TemplateLoader.findTemplateSource("v3html/v3-html-index.ftl"): Found
1991 [main] DEBUG freemarker.cache  - Loading template for "v3html/v3-html-index.ftl"("en", UTF-8, parsed) from "jar:file:/C:/Users/Danzee/.m2/repository/com/aventstack/extentreports/4.0.5/extentreports-4.0.5.jar!/com/aventstack/extentreports/view/v3html/v3-html-index.ftl"
2557 [main] DEBUG freemarker.cache  - Couldn't find template in cache for "v3html/v3-html-head.ftl"("en", UTF-8, parsed); will try to load it.
2558 [main] DEBUG freemarker.cache  - TemplateLoader.findTemplateSource("v3html/v3-html-head_en.ftl"): Not found
2560 [main] DEBUG freemarker.cache  - TemplateLoader.findTemplateSource("v3html/v3-html-head.ftl"): Found
2560 [main] DEBUG freemarker.cache  - Loading template for "v3html/v3-html-head.ftl"("en", UTF-8, parsed) from "jar:file:/C:/Users/Danzee/.m2/repository/com/aventstack/extentreports/4.0.5/extentreports-4.0.5.jar!/com/aventstack/extentreports/view/v3html/v3-html-head.ftl"
2569 [main] DEBUG freemarker.cache  - Couldn't find template in cache for "v3html/v3-html-nav.ftl"("en", UTF-8, parsed); will try to load it.
2569 [main] DEBUG freemarker.cache  - TemplateLoader.findTemplateSource("v3html/v3-html-nav_en.ftl"): Not found
2570 [main] DEBUG freemarker.cache  - TemplateLoader.findTemplateSource("v3html/v3-html-nav.ftl"): Found
2570 [main] DEBUG freemarker.cache  - Loading template for "v3html/v3-html-nav.ftl"("en", UTF-8, parsed) from "jar:file:/C:/Users/Danzee/.m2/repository/com/aventstack/extentreports/4.0.5/extentreports-4.0.5.jar!/com/aventstack/extentreports/view/v3html/v3-html-nav.ftl"
2593 [main] DEBUG freemarker.cache  - Couldn't find template in cache for "v3html/test-view/v3-html-test-view.ftl"("en", UTF-8, parsed); will try to load it.
2604 [main] DEBUG freemarker.cache  - TemplateLoader.findTemplateSource("v3html/test-view/v3-html-test-view_en.ftl"): Not found
2605 [main] DEBUG freemarker.cache  - TemplateLoader.findTemplateSource("v3html/test-view/v3-html-test-view.ftl"): Found
2605 [main] DEBUG freemarker.cache  - Loading template for "v3html/test-view/v3-html-test-view.ftl"("en", UTF-8, parsed) from "jar:file:/C:/Users/Danzee/.m2/repository/com/aventstack/extentreports/4.0.5/extentreports-4.0.5.jar!/com/aventstack/extentreports/view/v3html/test-view/v3-html-test-view.ftl"
2633 [main] DEBUG freemarker.cache  - Couldn't find template in cache for "v3html/test-view/v3-html-test-view-charts.ftl"("en", UTF-8, parsed); will try to load it.
2634 [main] DEBUG freemarker.cache  - TemplateLoader.findTemplateSource("v3html/test-view/v3-html-test-view-charts_en.ftl"): Not found
2634 [main] DEBUG freemarker.cache  - TemplateLoader.findTemplateSource("v3html/test-view/v3-html-test-view-charts.ftl"): Found
2634 [main] DEBUG freemarker.cache  - Loading template for "v3html/test-view/v3-html-test-view-charts.ftl"("en", UTF-8, parsed) from "jar:file:/C:/Users/Danzee/.m2/repository/com/aventstack/extentreports/4.0.5/extentreports-4.0.5.jar!/com/aventstack/extentreports/view/v3html/test-view/v3-html-test-view-charts.ftl"
2667 [main] DEBUG freemarker.cache  - Couldn't find template in cache for "v3html/test-view/v3-html-standard.ftl"("en", UTF-8, parsed); will try to load it.
2668 [main] DEBUG freemarker.cache  - TemplateLoader.findTemplateSource("v3html/test-view/v3-html-standard_en.ftl"): Not found
2669 [main] DEBUG freemarker.cache  - TemplateLoader.findTemplateSource("v3html/test-view/v3-html-standard.ftl"): Found
2669 [main] DEBUG freemarker.cache  - Loading template for "v3html/test-view/v3-html-standard.ftl"("en", UTF-8, parsed) from "jar:file:/C:/Users/Danzee/.m2/repository/com/aventstack/extentreports/4.0.5/extentreports-4.0.5.jar!/com/aventstack/extentreports/view/v3html/test-view/v3-html-standard.ftl"
2690 [main] DEBUG freemarker.cache  - Couldn't find template in cache for "v3html/category-view/v3-html-category-view.ftl"("en", UTF-8, parsed); will try to load it.
2690 [main] DEBUG freemarker.cache  - TemplateLoader.findTemplateSource("v3html/category-view/v3-html-category-view_en.ftl"): Not found
2691 [main] DEBUG freemarker.cache  - TemplateLoader.findTemplateSource("v3html/category-view/v3-html-category-view.ftl"): Found
2691 [main] DEBUG freemarker.cache  - Loading template for "v3html/category-view/v3-html-category-view.ftl"("en", UTF-8, parsed) from "jar:file:/C:/Users/Danzee/.m2/repository/com/aventstack/extentreports/4.0.5/extentreports-4.0.5.jar!/com/aventstack/extentreports/view/v3html/category-view/v3-html-category-view.ftl"
2708 [main] DEBUG freemarker.cache  - Couldn't find template in cache for "v3html/exception-view/v3-html-exception-view.ftl"("en", UTF-8, parsed); will try to load it.
2709 [main] DEBUG freemarker.cache  - TemplateLoader.findTemplateSource("v3html/exception-view/v3-html-exception-view_en.ftl"): Not found
2709 [main] DEBUG freemarker.cache  - TemplateLoader.findTemplateSource("v3html/exception-view/v3-html-exception-view.ftl"): Found
2709 [main] DEBUG freemarker.cache  - Loading template for "v3html/exception-view/v3-html-exception-view.ftl"("en", UTF-8, parsed) from "jar:file:/C:/Users/Danzee/.m2/repository/com/aventstack/extentreports/4.0.5/extentreports-4.0.5.jar!/com/aventstack/extentreports/view/v3html/exception-view/v3-html-exception-view.ftl"
2714 [main] DEBUG freemarker.cache  - Couldn't find template in cache for "v3html/author-view/v3-html-author-view.ftl"("en", UTF-8, parsed); will try to load it.
2714 [main] DEBUG freemarker.cache  - TemplateLoader.findTemplateSource("v3html/author-view/v3-html-author-view_en.ftl"): Not found
2715 [main] DEBUG freemarker.cache  - TemplateLoader.findTemplateSource("v3html/author-view/v3-html-author-view.ftl"): Found
2715 [main] DEBUG freemarker.cache  - Loading template for "v3html/author-view/v3-html-author-view.ftl"("en", UTF-8, parsed) from "jar:file:/C:/Users/Danzee/.m2/repository/com/aventstack/extentreports/4.0.5/extentreports-4.0.5.jar!/com/aventstack/extentreports/view/v3html/author-view/v3-html-author-view.ftl"
2720 [main] DEBUG freemarker.cache  - Couldn't find template in cache for "v3html/dashboard-view/v3-html-dashboard-view.ftl"("en", UTF-8, parsed); will try to load it.
2720 [main] DEBUG freemarker.cache  - TemplateLoader.findTemplateSource("v3html/dashboard-view/v3-html-dashboard-view_en.ftl"): Not found
2721 [main] DEBUG freemarker.cache  - TemplateLoader.findTemplateSource("v3html/dashboard-view/v3-html-dashboard-view.ftl"): Found
2721 [main] DEBUG freemarker.cache  - Loading template for "v3html/dashboard-view/v3-html-dashboard-view.ftl"("en", UTF-8, parsed) from "jar:file:/C:/Users/Danzee/.m2/repository/com/aventstack/extentreports/4.0.5/extentreports-4.0.5.jar!/com/aventstack/extentreports/view/v3html/dashboard-view/v3-html-dashboard-view.ftl"
2739 [main] DEBUG freemarker.cache  - Couldn't find template in cache for "v3html/logs-view/v3-html-testrunner-logs-view.ftl"("en", UTF-8, parsed); will try to load it.
2740 [main] DEBUG freemarker.cache  - TemplateLoader.findTemplateSource("v3html/logs-view/v3-html-testrunner-logs-view_en.ftl"): Not found
2740 [main] DEBUG freemarker.cache  - TemplateLoader.findTemplateSource("v3html/logs-view/v3-html-testrunner-logs-view.ftl"): Found
2740 [main] DEBUG freemarker.cache  - Loading template for "v3html/logs-view/v3-html-testrunner-logs-view.ftl"("en", UTF-8, parsed) from "jar:file:/C:/Users/Danzee/.m2/repository/com/aventstack/extentreports/4.0.5/extentreports-4.0.5.jar!/com/aventstack/extentreports/view/v3html/logs-view/v3-html-testrunner-logs-view.ftl"
2762 [main] DEBUG petStoreSwaggerAPITests.TestAPI  - Setting up connection for https://petstore.swagger.io/v2/pet/9223372012301109361
2762 [main] DEBUG petStoreSwaggerAPITests.TestAPI  - Connection for https://petstore.swagger.io/v2/pet/9223372012301109361 setup is complete
https://petstore.swagger.io/v2/pet/9223372012301109361
3051 [main] DEBUG petStoreSwaggerAPITests.TestAPI  - Response: {"id":9223372012301109361,"category":{"id":0,"name":"string"},"name":"doggie","photoUrls":["string"],"tags":[{"id":0,"name":"string"}],"status":"available"}
]]></system-out>
  </testcase>
</testsuite>